[0.123s] Invoking command in '/home/olivia/dev_ws/build/turtlesim': CMAKE_PREFIX_PATH=/opt/ros/humble /usr/bin/cmake /home/olivia/dev_ws/src/ros_tutorials/turtlesim -DCMAKE_INSTALL_PREFIX=/home/olivia/dev_ws/install/turtlesim
[2.038s] -- The C compiler identification is GNU 11.3.0
[3.215s] -- The CXX compiler identification is GNU 11.3.0
[3.314s] -- Detecting C compiler ABI info
[3.563s] -- Detecting C compiler ABI info - done
[3.572s] -- Check for working C compiler: /usr/bin/cc - skipped
[3.573s] -- Detecting C compile features
[3.603s] -- Detecting C compile features - done
[3.632s] -- Detecting CXX compiler ABI info
[3.812s] -- Detecting CXX compiler ABI info - done
[3.822s] -- Check for working CXX compiler: /usr/bin/c++ - skipped
[3.822s] -- Detecting CXX compile features
[3.823s] -- Detecting CXX compile features - done
[3.909s] -- Found ament_cmake: 1.3.5 (/opt/ros/humble/share/ament_cmake/cmake)
[4.290s] -- Found Python3: /usr/bin/python3.10 (found version "3.10.6") found components: Interpreter 
[4.662s] -- Found ament_index_cpp: 1.4.0 (/opt/ros/humble/share/ament_index_cpp/cmake)
[4.736s] -- Found geometry_msgs: 4.2.3 (/opt/ros/humble/share/geometry_msgs/cmake)
[5.241s] -- Found rosidl_generator_c: 3.1.4 (/opt/ros/humble/share/rosidl_generator_c/cmake)
[5.298s] -- Found rosidl_adapter: 3.1.4 (/opt/ros/humble/share/rosidl_adapter/cmake)
[5.326s] -- Found rosidl_generator_cpp: 3.1.4 (/opt/ros/humble/share/rosidl_generator_cpp/cmake)
[5.521s] -- Using all available rosidl_typesupport_c: rosidl_typesupport_fastrtps_c;rosidl_typesupport_introspection_c
[5.970s] -- Using all available rosidl_typesupport_cpp: rosidl_typesupport_fastrtps_cpp;rosidl_typesupport_introspection_cpp
[6.795s] -- Found rclcpp: 16.0.4 (/opt/ros/humble/share/rclcpp/cmake)
[7.179s] -- Found rmw_implementation_cmake: 6.1.1 (/opt/ros/humble/share/rmw_implementation_cmake/cmake)
[7.194s] -- Found rmw_fastrtps_cpp: 6.2.2 (/opt/ros/humble/share/rmw_fastrtps_cpp/cmake)
[7.683s] -- Found OpenSSL: /usr/lib/x86_64-linux-gnu/libcrypto.so (found version "3.0.2")  
[7.764s] -- Found FastRTPS: /opt/ros/humble/include  
[7.858s] -- Using RMW implementation 'rmw_fastrtps_cpp' as default
[8.004s] -- Looking for pthread.h
[8.239s] -- Looking for pthread.h - found
[8.239s] -- Performing Test CMAKE_HAVE_LIBC_PTHREAD
[8.349s] -- Performing Test CMAKE_HAVE_LIBC_PTHREAD - Success
[8.351s] -- Found Threads: TRUE  
[8.677s] -- Found rclcpp_action: 16.0.4 (/opt/ros/humble/share/rclcpp_action/cmake)
[8.947s] -- Found rosidl_default_generators: 1.2.0 (/opt/ros/humble/share/rosidl_default_generators/cmake)
[9.019s] -- Found std_srvs: 4.2.3 (/opt/ros/humble/share/std_srvs/cmake)
[9.769s] -- Found ament_cmake_ros: 0.10.0 (/opt/ros/humble/share/ament_cmake_ros/cmake)
[10.270s] -- Using all available rosidl_typesupport_c: rosidl_typesupport_fastrtps_c;rosidl_typesupport_introspection_c
[10.434s] -- Using all available rosidl_typesupport_cpp: rosidl_typesupport_fastrtps_cpp;rosidl_typesupport_introspection_cpp
[10.477s] -- Found PythonInterp: /usr/bin/python3 (found suitable version "3.10.6", minimum required is "3.6") 
[10.489s] -- Found python_cmake_module: 0.10.0 (/opt/ros/humble/share/python_cmake_module/cmake)
[10.681s] -- Found PythonLibs: /usr/lib/x86_64-linux-gnu/libpython3.10.so (found suitable version "3.10.6", minimum required is "3.5") 
[10.681s] -- Using PYTHON_EXECUTABLE: /usr/bin/python3
[10.682s] -- Using PYTHON_INCLUDE_DIRS: /usr/include/python3.10
[10.682s] -- Using PYTHON_LIBRARIES: /usr/lib/x86_64-linux-gnu/libpython3.10.so
[10.714s] -- Found PythonExtra: .so  
[11.011s] -- Configuring done
[11.121s] -- Generating done
[11.125s] -- Build files have been written to: /home/olivia/dev_ws/build/turtlesim
[11.148s] Invoked command in '/home/olivia/dev_ws/build/turtlesim' returned '0': CMAKE_PREFIX_PATH=/opt/ros/humble /usr/bin/cmake /home/olivia/dev_ws/src/ros_tutorials/turtlesim -DCMAKE_INSTALL_PREFIX=/home/olivia/dev_ws/install/turtlesim
[11.151s] Invoking command in '/home/olivia/dev_ws/build/turtlesim': CMAKE_PREFIX_PATH=/opt/ros/humble /usr/bin/cmake --build /home/olivia/dev_ws/build/turtlesim -- -j4 -l4
[11.199s] [  1%] [34m[1mGenerating C code for ROS interfaces[0m
[11.215s] [  2%] [34m[1mGenerating C++ code for ROS interfaces[0m
[11.231s] [  2%] Built target ament_cmake_python_copy_turtlesim
[11.834s] running egg_info
[11.836s] creating turtlesim.egg-info
[11.836s] writing turtlesim.egg-info/PKG-INFO
[11.836s] writing dependency_links to turtlesim.egg-info/dependency_links.txt
[11.837s] writing top-level names to turtlesim.egg-info/top_level.txt
[11.837s] writing manifest file 'turtlesim.egg-info/SOURCES.txt'
[11.862s] reading manifest file 'turtlesim.egg-info/SOURCES.txt'
[11.863s] writing manifest file 'turtlesim.egg-info/SOURCES.txt'
[11.909s] [  2%] Built target ament_cmake_python_build_turtlesim_egg
[13.133s] [  5%] [32mBuilding C object CMakeFiles/turtlesim__rosidl_generator_c.dir/rosidl_generator_c/turtlesim/msg/detail/pose__functions.c.o[0m
[13.133s] [  5%] [32mBuilding C object CMakeFiles/turtlesim__rosidl_generator_c.dir/rosidl_generator_c/turtlesim/msg/detail/color__functions.c.o[0m
[13.133s] [  5%] [32mBuilding C object CMakeFiles/turtlesim__rosidl_generator_c.dir/rosidl_generator_c/turtlesim/action/detail/rotate_absolute__functions.c.o[0m
[13.479s] [  5%] Built target turtlesim__cpp
[13.488s] [  6%] [32mBuilding C object CMakeFiles/turtlesim__rosidl_generator_c.dir/rosidl_generator_c/turtlesim/srv/detail/kill__functions.c.o[0m
[13.841s] [  7%] [32mBuilding C object CMakeFiles/turtlesim__rosidl_generator_c.dir/rosidl_generator_c/turtlesim/srv/detail/set_pen__functions.c.o[0m
[13.852s] [  8%] [32mBuilding C object CMakeFiles/turtlesim__rosidl_generator_c.dir/rosidl_generator_c/turtlesim/srv/detail/spawn__functions.c.o[0m
[13.867s] [  9%] [32mBuilding C object CMakeFiles/turtlesim__rosidl_generator_c.dir/rosidl_generator_c/turtlesim/srv/detail/teleport_absolute__functions.c.o[0m
[13.961s] [ 10%] [32mBuilding C object CMakeFiles/turtlesim__rosidl_generator_c.dir/rosidl_generator_c/turtlesim/srv/detail/teleport_relative__functions.c.o[0m
[13.977s] [ 11%] [34m[1mGenerating C++ type support dispatch for ROS interfaces[0m
[13.989s] [ 12%] [34m[1mGenerating C++ type support for eProsima Fast-RTPS[0m
[14.017s] [ 13%] [34m[1mGenerating C++ introspection for ROS interfaces[0m
[14.074s] [ 14%] [32m[1mLinking C shared library libturtlesim__rosidl_generator_c.so[0m
[14.219s] [ 14%] Built target turtlesim__rosidl_generator_c
[14.240s] [ 15%] [34m[1mGenerating C type support for eProsima Fast-RTPS[0m
[15.397s] [ 16%] [32mBuilding CXX object CMakeFiles/turtlesim__rosidl_typesupport_cpp.dir/rosidl_typesupport_cpp/turtlesim/action/rotate_absolute__type_support.cpp.o[0m
[15.708s] [ 17%] [32mBuilding CXX object CMakeFiles/turtlesim__rosidl_typesupport_introspection_cpp.dir/rosidl_typesupport_introspection_cpp/turtlesim/action/detail/rotate_absolute__type_support.cpp.o[0m
[16.153s] [ 18%] [32mBuilding CXX object CMakeFiles/turtlesim__rosidl_typesupport_fastrtps_cpp.dir/rosidl_typesupport_fastrtps_cpp/turtlesim/action/detail/dds_fastrtps/rotate_absolute__type_support.cpp.o[0m
[16.181s] [ 19%] [32mBuilding CXX object CMakeFiles/turtlesim__rosidl_typesupport_fastrtps_c.dir/rosidl_typesupport_fastrtps_c/turtlesim/action/detail/rotate_absolute__type_support_c.cpp.o[0m
[18.983s] [ 20%] [32mBuilding CXX object CMakeFiles/turtlesim__rosidl_typesupport_fastrtps_c.dir/rosidl_typesupport_fastrtps_c/turtlesim/msg/detail/color__type_support_c.cpp.o[0m
[19.097s] [ 21%] [32mBuilding CXX object CMakeFiles/turtlesim__rosidl_typesupport_cpp.dir/rosidl_typesupport_cpp/turtlesim/msg/color__type_support.cpp.o[0m
[19.287s] [ 22%] [32mBuilding CXX object CMakeFiles/turtlesim__rosidl_typesupport_fastrtps_cpp.dir/rosidl_typesupport_fastrtps_cpp/turtlesim/msg/detail/dds_fastrtps/color__type_support.cpp.o[0m
[19.355s] [ 23%] [32mBuilding CXX object CMakeFiles/turtlesim__rosidl_typesupport_introspection_cpp.dir/rosidl_typesupport_introspection_cpp/turtlesim/msg/detail/color__type_support.cpp.o[0m
[19.745s] [ 24%] [32mBuilding CXX object CMakeFiles/turtlesim__rosidl_typesupport_cpp.dir/rosidl_typesupport_cpp/turtlesim/msg/pose__type_support.cpp.o[0m
[19.766s] [ 25%] [32mBuilding CXX object CMakeFiles/turtlesim__rosidl_typesupport_fastrtps_c.dir/rosidl_typesupport_fastrtps_c/turtlesim/msg/detail/pose__type_support_c.cpp.o[0m
[20.197s] [ 26%] [32mBuilding CXX object CMakeFiles/turtlesim__rosidl_typesupport_introspection_cpp.dir/rosidl_typesupport_introspection_cpp/turtlesim/msg/detail/pose__type_support.cpp.o[0m
[20.230s] [ 27%] [32mBuilding CXX object CMakeFiles/turtlesim__rosidl_typesupport_fastrtps_cpp.dir/rosidl_typesupport_fastrtps_cpp/turtlesim/msg/detail/dds_fastrtps/pose__type_support.cpp.o[0m
[20.390s] [ 28%] [32mBuilding CXX object CMakeFiles/turtlesim__rosidl_typesupport_cpp.dir/rosidl_typesupport_cpp/turtlesim/srv/kill__type_support.cpp.o[0m
[20.546s] [ 29%] [32mBuilding CXX object CMakeFiles/turtlesim__rosidl_typesupport_fastrtps_c.dir/rosidl_typesupport_fastrtps_c/turtlesim/srv/detail/kill__type_support_c.cpp.o[0m
[21.014s] [ 30%] [32mBuilding CXX object CMakeFiles/turtlesim__rosidl_typesupport_cpp.dir/rosidl_typesupport_cpp/turtlesim/srv/set_pen__type_support.cpp.o[0m
[21.079s] [ 31%] [32mBuilding CXX object CMakeFiles/turtlesim__rosidl_typesupport_introspection_cpp.dir/rosidl_typesupport_introspection_cpp/turtlesim/srv/detail/kill__type_support.cpp.o[0m
[21.097s] [ 32%] [32mBuilding CXX object CMakeFiles/turtlesim__rosidl_typesupport_fastrtps_cpp.dir/rosidl_typesupport_fastrtps_cpp/turtlesim/srv/detail/dds_fastrtps/kill__type_support.cpp.o[0m
[21.434s] [ 33%] [32mBuilding CXX object CMakeFiles/turtlesim__rosidl_typesupport_fastrtps_c.dir/rosidl_typesupport_fastrtps_c/turtlesim/srv/detail/set_pen__type_support_c.cpp.o[0m
[21.598s] [ 34%] [32mBuilding CXX object CMakeFiles/turtlesim__rosidl_typesupport_cpp.dir/rosidl_typesupport_cpp/turtlesim/srv/spawn__type_support.cpp.o[0m
[21.988s] [ 35%] [32mBuilding CXX object CMakeFiles/turtlesim__rosidl_typesupport_fastrtps_cpp.dir/rosidl_typesupport_fastrtps_cpp/turtlesim/srv/detail/dds_fastrtps/set_pen__type_support.cpp.o[0m
[21.994s] [ 36%] [32mBuilding CXX object CMakeFiles/turtlesim__rosidl_typesupport_introspection_cpp.dir/rosidl_typesupport_introspection_cpp/turtlesim/srv/detail/set_pen__type_support.cpp.o[0m
[22.202s] [ 37%] [32mBuilding CXX object CMakeFiles/turtlesim__rosidl_typesupport_cpp.dir/rosidl_typesupport_cpp/turtlesim/srv/teleport_absolute__type_support.cpp.o[0m
[22.267s] [ 38%] [32mBuilding CXX object CMakeFiles/turtlesim__rosidl_typesupport_fastrtps_c.dir/rosidl_typesupport_fastrtps_c/turtlesim/srv/detail/spawn__type_support_c.cpp.o[0m
[22.801s] [ 39%] [32mBuilding CXX object CMakeFiles/turtlesim__rosidl_typesupport_cpp.dir/rosidl_typesupport_cpp/turtlesim/srv/teleport_relative__type_support.cpp.o[0m
[22.908s] [ 40%] [32mBuilding CXX object CMakeFiles/turtlesim__rosidl_typesupport_introspection_cpp.dir/rosidl_typesupport_introspection_cpp/turtlesim/srv/detail/spawn__type_support.cpp.o[0m
[22.984s] [ 41%] [32mBuilding CXX object CMakeFiles/turtlesim__rosidl_typesupport_fastrtps_cpp.dir/rosidl_typesupport_fastrtps_cpp/turtlesim/srv/detail/dds_fastrtps/spawn__type_support.cpp.o[0m
[23.048s] [ 42%] [32mBuilding CXX object CMakeFiles/turtlesim__rosidl_typesupport_fastrtps_c.dir/rosidl_typesupport_fastrtps_c/turtlesim/srv/detail/teleport_absolute__type_support_c.cpp.o[0m
[23.501s] [ 43%] [32m[1mLinking CXX shared library libturtlesim__rosidl_typesupport_cpp.so[0m
[23.651s] [ 43%] Built target turtlesim__rosidl_typesupport_cpp
[23.670s] [ 44%] [34m[1mGenerating C introspection for ROS interfaces[0m
[23.818s] [ 45%] [32mBuilding CXX object CMakeFiles/turtlesim__rosidl_typesupport_fastrtps_c.dir/rosidl_typesupport_fastrtps_c/turtlesim/srv/detail/teleport_relative__type_support_c.cpp.o[0m
[23.846s] [ 46%] [32mBuilding CXX object CMakeFiles/turtlesim__rosidl_typesupport_introspection_cpp.dir/rosidl_typesupport_introspection_cpp/turtlesim/srv/detail/teleport_absolute__type_support.cpp.o[0m
[23.876s] [ 47%] [32mBuilding CXX object CMakeFiles/turtlesim__rosidl_typesupport_fastrtps_cpp.dir/rosidl_typesupport_fastrtps_cpp/turtlesim/srv/detail/dds_fastrtps/teleport_absolute__type_support.cpp.o[0m
[24.574s] [ 48%] [32m[1mLinking CXX shared library libturtlesim__rosidl_typesupport_fastrtps_c.so[0m
[24.752s] [ 49%] [32mBuilding CXX object CMakeFiles/turtlesim__rosidl_typesupport_fastrtps_cpp.dir/rosidl_typesupport_fastrtps_cpp/turtlesim/srv/detail/dds_fastrtps/teleport_relative__type_support.cpp.o[0m
[24.776s] [ 50%] [32mBuilding CXX object CMakeFiles/turtlesim__rosidl_typesupport_introspection_cpp.dir/rosidl_typesupport_introspection_cpp/turtlesim/srv/detail/teleport_relative__type_support.cpp.o[0m
[24.781s] [ 50%] Built target turtlesim__rosidl_typesupport_fastrtps_c
[24.798s] [ 51%] [34m[1mGenerating C type support dispatch for ROS interfaces[0m
[25.609s] [ 52%] [32m[1mLinking CXX shared library libturtlesim__rosidl_typesupport_introspection_cpp.so[0m
[25.671s] [ 53%] [32m[1mLinking CXX shared library libturtlesim__rosidl_typesupport_fastrtps_cpp.so[0m
[25.816s] [ 53%] Built target turtlesim__rosidl_typesupport_introspection_cpp
[25.837s] [ 54%] [34m[1mGenerating include/turtlesim/moc_turtle_frame.cpp[0m
[25.881s] [ 54%] Built target turtlesim__rosidl_typesupport_fastrtps_cpp
[25.912s] [ 56%] [32mBuilding C object CMakeFiles/turtlesim__rosidl_typesupport_introspection_c.dir/rosidl_typesupport_introspection_c/turtlesim/action/detail/rotate_absolute__type_support.c.o[0m
[25.912s] [ 56%] [32mBuilding CXX object CMakeFiles/turtle_teleop_key.dir/tutorials/teleop_turtle_key.cpp.o[0m
[26.073s] [ 57%] [32mBuilding CXX object CMakeFiles/turtlesim__rosidl_typesupport_c.dir/rosidl_typesupport_c/turtlesim/action/rotate_absolute__type_support.cpp.o[0m
[26.089s] [ 58%] [32mBuilding C object CMakeFiles/turtlesim__rosidl_typesupport_introspection_c.dir/rosidl_typesupport_introspection_c/turtlesim/msg/detail/color__type_support.c.o[0m
[26.127s] [ 59%] [32mBuilding C object CMakeFiles/turtlesim__rosidl_typesupport_introspection_c.dir/rosidl_typesupport_introspection_c/turtlesim/msg/detail/pose__type_support.c.o[0m
[26.165s] [ 60%] [32mBuilding C object CMakeFiles/turtlesim__rosidl_typesupport_introspection_c.dir/rosidl_typesupport_introspection_c/turtlesim/srv/detail/kill__type_support.c.o[0m
[26.210s] [ 61%] [32mBuilding C object CMakeFiles/turtlesim__rosidl_typesupport_introspection_c.dir/rosidl_typesupport_introspection_c/turtlesim/srv/detail/set_pen__type_support.c.o[0m
[26.254s] [ 62%] [32mBuilding C object CMakeFiles/turtlesim__rosidl_typesupport_introspection_c.dir/rosidl_typesupport_introspection_c/turtlesim/srv/detail/spawn__type_support.c.o[0m
[26.300s] [ 63%] [32mBuilding C object CMakeFiles/turtlesim__rosidl_typesupport_introspection_c.dir/rosidl_typesupport_introspection_c/turtlesim/srv/detail/teleport_absolute__type_support.c.o[0m
[26.342s] [ 64%] [32mBuilding C object CMakeFiles/turtlesim__rosidl_typesupport_introspection_c.dir/rosidl_typesupport_introspection_c/turtlesim/srv/detail/teleport_relative__type_support.c.o[0m
[26.383s] [ 65%] [32m[1mLinking C shared library libturtlesim__rosidl_typesupport_introspection_c.so[0m
[26.506s] [ 66%] [32mBuilding CXX object CMakeFiles/turtlesim__rosidl_typesupport_c.dir/rosidl_typesupport_c/turtlesim/msg/color__type_support.cpp.o[0m
[26.540s] [ 67%] [32mBuilding CXX object CMakeFiles/turtlesim__rosidl_typesupport_c.dir/rosidl_typesupport_c/turtlesim/msg/pose__type_support.cpp.o[0m
[26.574s] [ 68%] [32mBuilding CXX object CMakeFiles/turtlesim__rosidl_typesupport_c.dir/rosidl_typesupport_c/turtlesim/srv/kill__type_support.cpp.o[0m
[26.603s] [ 68%] Built target turtlesim__rosidl_typesupport_introspection_c
[26.613s] [ 69%] [32mBuilding CXX object CMakeFiles/turtlesim__rosidl_typesupport_c.dir/rosidl_typesupport_c/turtlesim/srv/set_pen__type_support.cpp.o[0m
[26.629s] [ 70%] [32mBuilding CXX object CMakeFiles/draw_square.dir/tutorials/draw_square.cpp.o[0m
[26.655s] [ 71%] [32mBuilding CXX object CMakeFiles/turtlesim__rosidl_typesupport_c.dir/rosidl_typesupport_c/turtlesim/srv/spawn__type_support.cpp.o[0m
[26.694s] [ 72%] [32mBuilding CXX object CMakeFiles/turtlesim__rosidl_typesupport_c.dir/rosidl_typesupport_c/turtlesim/srv/teleport_absolute__type_support.cpp.o[0m
[26.730s] [ 73%] [32mBuilding CXX object CMakeFiles/turtlesim__rosidl_typesupport_c.dir/rosidl_typesupport_c/turtlesim/srv/teleport_relative__type_support.cpp.o[0m
[26.767s] [ 74%] [32m[1mLinking CXX shared library libturtlesim__rosidl_typesupport_c.so[0m
[26.932s] [ 74%] Built target turtlesim__rosidl_typesupport_c
[26.955s] [ 75%] [32mBuilding CXX object CMakeFiles/mimic.dir/tutorials/mimic.cpp.o[0m
[27.554s] [ 76%] [32mBuilding CXX object CMakeFiles/turtlesim_node.dir/src/turtlesim.cpp.o[0m
[73.985s] [ 80%] [32m[1mLinking CXX executable turtle_teleop_key[0m
[74.816s] [ 80%] [32mBuilding CXX object CMakeFiles/turtlesim_node.dir/src/turtle.cpp.o[0m
[74.816s] [ 80%] [32m[1mLinking CXX executable draw_square[0m
[74.816s] [ 80%] [32m[1mLinking CXX executable mimic[0m
[78.807s] [ 80%] Built target turtle_teleop_key
[79.135s] [ 80%] Built target draw_square
[79.181s] [ 80%] Built target mimic
[99.508s] [ 81%] [32mBuilding CXX object CMakeFiles/turtlesim_node.dir/include/turtlesim/moc_turtle_frame.cpp.o[0m
[105.065s] [ 82%] [32mBuilding CXX object CMakeFiles/turtlesim_node.dir/src/turtle_frame.cpp.o[0m
[119.752s] [ 83%] [32m[1mLinking CXX executable turtlesim_node[0m
[123.582s] [ 83%] Built target turtlesim_node
[123.828s] [ 83%] Built target turtlesim
[123.983s] [ 84%] [34m[1mGenerating Python code for ROS interfaces[0m
[128.160s] [ 84%] Built target turtlesim__py
[128.271s] [ 87%] [32mBuilding C object CMakeFiles/turtlesim__rosidl_generator_py.dir/rosidl_generator_py/turtlesim/msg/_color_s.c.o[0m
[128.271s] [ 87%] [32mBuilding C object CMakeFiles/turtlesim__rosidl_generator_py.dir/rosidl_generator_py/turtlesim/action/_rotate_absolute_s.c.o[0m
[128.271s] [ 87%] [32mBuilding C object CMakeFiles/turtlesim__rosidl_generator_py.dir/rosidl_generator_py/turtlesim/msg/_pose_s.c.o[0m
[128.271s] [ 88%] [32mBuilding C object CMakeFiles/turtlesim__rosidl_generator_py.dir/rosidl_generator_py/turtlesim/srv/_kill_s.c.o[0m
[130.037s] [ 89%] [32mBuilding C object CMakeFiles/turtlesim__rosidl_generator_py.dir/rosidl_generator_py/turtlesim/srv/_set_pen_s.c.o[0m
[130.042s] [ 90%] [32mBuilding C object CMakeFiles/turtlesim__rosidl_generator_py.dir/rosidl_generator_py/turtlesim/srv/_spawn_s.c.o[0m
[130.087s] [ 91%] [32mBuilding C object CMakeFiles/turtlesim__rosidl_generator_py.dir/rosidl_generator_py/turtlesim/srv/_teleport_absolute_s.c.o[0m
[130.154s] [ 92%] [32mBuilding C object CMakeFiles/turtlesim__rosidl_generator_py.dir/rosidl_generator_py/turtlesim/srv/_teleport_relative_s.c.o[0m
[130.338s] [ 93%] [32m[1mLinking C shared library rosidl_generator_py/turtlesim/libturtlesim__rosidl_generator_py.so[0m
[130.438s] [ 93%] Built target turtlesim__rosidl_generator_py
[130.537s] [ 94%] [32mBuilding C object CMakeFiles/turtlesim__rosidl_typesupport_introspection_c__pyext.dir/rosidl_generator_py/turtlesim/_turtlesim_s.ep.rosidl_typesupport_introspection_c.c.o[0m
[130.538s] [ 95%] [32mBuilding C object CMakeFiles/turtlesim__rosidl_typesupport_c__pyext.dir/rosidl_generator_py/turtlesim/_turtlesim_s.ep.rosidl_typesupport_c.c.o[0m
[130.546s] [ 96%] [32mBuilding C object CMakeFiles/turtlesim__rosidl_typesupport_fastrtps_c__pyext.dir/rosidl_generator_py/turtlesim/_turtlesim_s.ep.rosidl_typesupport_fastrtps_c.c.o[0m
[130.801s] [ 97%] [32m[1mLinking C shared library rosidl_generator_py/turtlesim/turtlesim_s__rosidl_typesupport_fastrtps_c.cpython-310-x86_64-linux-gnu.so[0m
[130.816s] [ 98%] [32m[1mLinking C shared library rosidl_generator_py/turtlesim/turtlesim_s__rosidl_typesupport_c.cpython-310-x86_64-linux-gnu.so[0m
[130.818s] [100%] [32m[1mLinking C shared library rosidl_generator_py/turtlesim/turtlesim_s__rosidl_typesupport_introspection_c.cpython-310-x86_64-linux-gnu.so[0m
[130.902s] [100%] Built target turtlesim__rosidl_typesupport_introspection_c__pyext
[130.910s] [100%] Built target turtlesim__rosidl_typesupport_c__pyext
[130.918s] [100%] Built target turtlesim__rosidl_typesupport_fastrtps_c__pyext
[133.404s] Invoked command in '/home/olivia/dev_ws/build/turtlesim' returned '0': CMAKE_PREFIX_PATH=/opt/ros/humble /usr/bin/cmake --build /home/olivia/dev_ws/build/turtlesim -- -j4 -l4
[136.081s] Invoking command in '/home/olivia/dev_ws/build/turtlesim': CMAKE_PREFIX_PATH=/opt/ros/humble /usr/bin/cmake --install /home/olivia/dev_ws/build/turtlesim
[136.345s] -- Install configuration: ""
[136.346s] -- Installing: /home/olivia/dev_ws/install/turtlesim/share/ament_index/resource_index/rosidl_interfaces/turtlesim
[136.346s] -- Installing: /home/olivia/dev_ws/install/turtlesim/include/turtlesim/turtlesim
[136.346s] -- Installing: /home/olivia/dev_ws/install/turtlesim/include/turtlesim/turtlesim/msg
[136.347s] -- Installing: /home/olivia/dev_ws/install/turtlesim/include/turtlesim/turtlesim/msg/pose.h
[136.347s] -- Installing: /home/olivia/dev_ws/install/turtlesim/include/turtlesim/turtlesim/msg/detail
[136.374s] -- Installing: /home/olivia/dev_ws/install/turtlesim/include/turtlesim/turtlesim/msg/detail/color__type_support.h
[136.375s] -- Installing: /home/olivia/dev_ws/install/turtlesim/include/turtlesim/turtlesim/msg/detail/color__functions.c
[136.375s] -- Installing: /home/olivia/dev_ws/install/turtlesim/include/turtlesim/turtlesim/msg/detail/color__struct.h
[136.376s] -- Installing: /home/olivia/dev_ws/install/turtlesim/include/turtlesim/turtlesim/msg/detail/color__functions.h
[136.376s] -- Installing: /home/olivia/dev_ws/install/turtlesim/include/turtlesim/turtlesim/msg/detail/pose__functions.h
[136.376s] -- Installing: /home/olivia/dev_ws/install/turtlesim/include/turtlesim/turtlesim/msg/detail/pose__type_support.h
[136.377s] -- Installing: /home/olivia/dev_ws/install/turtlesim/include/turtlesim/turtlesim/msg/detail/pose__struct.h
[136.377s] -- Installing: /home/olivia/dev_ws/install/turtlesim/include/turtlesim/turtlesim/msg/detail/pose__functions.c
[136.377s] -- Installing: /home/olivia/dev_ws/install/turtlesim/include/turtlesim/turtlesim/msg/color.h
[136.378s] -- Installing: /home/olivia/dev_ws/install/turtlesim/include/turtlesim/turtlesim/msg/rosidl_generator_c__visibility_control.h
[136.378s] -- Installing: /home/olivia/dev_ws/install/turtlesim/include/turtlesim/turtlesim/action
[136.378s] -- Installing: /home/olivia/dev_ws/install/turtlesim/include/turtlesim/turtlesim/action/rotate_absolute.h
[136.378s] -- Installing: /home/olivia/dev_ws/install/turtlesim/include/turtlesim/turtlesim/action/detail
[136.379s] -- Installing: /home/olivia/dev_ws/install/turtlesim/include/turtlesim/turtlesim/action/detail/rotate_absolute__type_support.h
[136.379s] -- Installing: /home/olivia/dev_ws/install/turtlesim/include/turtlesim/turtlesim/action/detail/rotate_absolute__functions.h
[136.379s] -- Installing: /home/olivia/dev_ws/install/turtlesim/include/turtlesim/turtlesim/action/detail/rotate_absolute__struct.h
[136.379s] -- Installing: /home/olivia/dev_ws/install/turtlesim/include/turtlesim/turtlesim/action/detail/rotate_absolute__functions.c
[136.380s] -- Installing: /home/olivia/dev_ws/install/turtlesim/include/turtlesim/turtlesim/srv
[136.380s] -- Installing: /home/olivia/dev_ws/install/turtlesim/include/turtlesim/turtlesim/srv/spawn.h
[136.380s] -- Installing: /home/olivia/dev_ws/install/turtlesim/include/turtlesim/turtlesim/srv/teleport_relative.h
[136.381s] -- Installing: /home/olivia/dev_ws/install/turtlesim/include/turtlesim/turtlesim/srv/kill.h
[136.381s] -- Installing: /home/olivia/dev_ws/install/turtlesim/include/turtlesim/turtlesim/srv/set_pen.h
[136.381s] -- Installing: /home/olivia/dev_ws/install/turtlesim/include/turtlesim/turtlesim/srv/detail
[136.381s] -- Installing: /home/olivia/dev_ws/install/turtlesim/include/turtlesim/turtlesim/srv/detail/teleport_absolute__functions.c
[136.382s] -- Installing: /home/olivia/dev_ws/install/turtlesim/include/turtlesim/turtlesim/srv/detail/set_pen__functions.h
[136.382s] -- Installing: /home/olivia/dev_ws/install/turtlesim/include/turtlesim/turtlesim/srv/detail/teleport_absolute__type_support.h
[136.382s] -- Installing: /home/olivia/dev_ws/install/turtlesim/include/turtlesim/turtlesim/srv/detail/set_pen__type_support.h
[136.382s] -- Installing: /home/olivia/dev_ws/install/turtlesim/include/turtlesim/turtlesim/srv/detail/spawn__struct.h
[136.383s] -- Installing: /home/olivia/dev_ws/install/turtlesim/include/turtlesim/turtlesim/srv/detail/set_pen__functions.c
[136.383s] -- Installing: /home/olivia/dev_ws/install/turtlesim/include/turtlesim/turtlesim/srv/detail/teleport_absolute__struct.h
[136.383s] -- Installing: /home/olivia/dev_ws/install/turtlesim/include/turtlesim/turtlesim/srv/detail/kill__functions.c
[136.384s] -- Installing: /home/olivia/dev_ws/install/turtlesim/include/turtlesim/turtlesim/srv/detail/teleport_absolute__functions.h
[136.384s] -- Installing: /home/olivia/dev_ws/install/turtlesim/include/turtlesim/turtlesim/srv/detail/teleport_relative__struct.h
[136.384s] -- Installing: /home/olivia/dev_ws/install/turtlesim/include/turtlesim/turtlesim/srv/detail/teleport_relative__functions.h
[136.384s] -- Installing: /home/olivia/dev_ws/install/turtlesim/include/turtlesim/turtlesim/srv/detail/set_pen__struct.h
[136.385s] -- Installing: /home/olivia/dev_ws/install/turtlesim/include/turtlesim/turtlesim/srv/detail/kill__type_support.h
[136.385s] -- Installing: /home/olivia/dev_ws/install/turtlesim/include/turtlesim/turtlesim/srv/detail/kill__functions.h
[136.385s] -- Installing: /home/olivia/dev_ws/install/turtlesim/include/turtlesim/turtlesim/srv/detail/spawn__functions.c
[136.386s] -- Installing: /home/olivia/dev_ws/install/turtlesim/include/turtlesim/turtlesim/srv/detail/spawn__type_support.h
[136.386s] -- Installing: /home/olivia/dev_ws/install/turtlesim/include/turtlesim/turtlesim/srv/detail/teleport_relative__functions.c
[136.386s] -- Installing: /home/olivia/dev_ws/install/turtlesim/include/turtlesim/turtlesim/srv/detail/spawn__functions.h
[136.386s] -- Installing: /home/olivia/dev_ws/install/turtlesim/include/turtlesim/turtlesim/srv/detail/teleport_relative__type_support.h
[136.387s] -- Installing: /home/olivia/dev_ws/install/turtlesim/include/turtlesim/turtlesim/srv/detail/kill__struct.h
[136.387s] -- Installing: /home/olivia/dev_ws/install/turtlesim/include/turtlesim/turtlesim/srv/teleport_absolute.h
[136.400s] -- Installing: /home/olivia/dev_ws/install/turtlesim/share/turtlesim/environment/library_path.sh
[136.435s] -- Installing: /home/olivia/dev_ws/install/turtlesim/share/turtlesim/environment/library_path.dsv
[136.449s] -- Installing: /home/olivia/dev_ws/install/turtlesim/lib/libturtlesim__rosidl_generator_c.so
[136.463s] -- Set runtime path of "/home/olivia/dev_ws/install/turtlesim/lib/libturtlesim__rosidl_generator_c.so" to ""
[136.464s] -- Up-to-date: /home/olivia/dev_ws/install/turtlesim/include/turtlesim/turtlesim
[136.464s] -- Up-to-date: /home/olivia/dev_ws/install/turtlesim/include/turtlesim/turtlesim/msg
[136.465s] -- Up-to-date: /home/olivia/dev_ws/install/turtlesim/include/turtlesim/turtlesim/msg/detail
[136.478s] -- Installing: /home/olivia/dev_ws/install/turtlesim/include/turtlesim/turtlesim/msg/detail/color__rosidl_typesupport_fastrtps_c.h
[136.495s] -- Installing: /home/olivia/dev_ws/install/turtlesim/include/turtlesim/turtlesim/msg/detail/pose__rosidl_typesupport_fastrtps_c.h
[136.495s] -- Installing: /home/olivia/dev_ws/install/turtlesim/include/turtlesim/turtlesim/msg/rosidl_typesupport_fastrtps_c__visibility_control.h
[136.495s] -- Up-to-date: /home/olivia/dev_ws/install/turtlesim/include/turtlesim/turtlesim/action
[136.496s] -- Up-to-date: /home/olivia/dev_ws/install/turtlesim/include/turtlesim/turtlesim/action/detail
[136.496s] -- Installing: /home/olivia/dev_ws/install/turtlesim/include/turtlesim/turtlesim/action/detail/rotate_absolute__rosidl_typesupport_fastrtps_c.h
[136.502s] -- Up-to-date: /home/olivia/dev_ws/install/turtlesim/include/turtlesim/turtlesim/srv
[136.502s] -- Up-to-date: /home/olivia/dev_ws/install/turtlesim/include/turtlesim/turtlesim/srv/detail
[136.503s] -- Installing: /home/olivia/dev_ws/install/turtlesim/include/turtlesim/turtlesim/srv/detail/set_pen__rosidl_typesupport_fastrtps_c.h
[136.507s] -- Installing: /home/olivia/dev_ws/install/turtlesim/include/turtlesim/turtlesim/srv/detail/spawn__rosidl_typesupport_fastrtps_c.h
[136.507s] -- Installing: /home/olivia/dev_ws/install/turtlesim/include/turtlesim/turtlesim/srv/detail/teleport_relative__rosidl_typesupport_fastrtps_c.h
[136.522s] -- Installing: /home/olivia/dev_ws/install/turtlesim/include/turtlesim/turtlesim/srv/detail/teleport_absolute__rosidl_typesupport_fastrtps_c.h
[136.522s] -- Installing: /home/olivia/dev_ws/install/turtlesim/include/turtlesim/turtlesim/srv/detail/kill__rosidl_typesupport_fastrtps_c.h
[136.523s] -- Installing: /home/olivia/dev_ws/install/turtlesim/lib/libturtlesim__rosidl_typesupport_fastrtps_c.so
[136.537s] -- Set runtime path of "/home/olivia/dev_ws/install/turtlesim/lib/libturtlesim__rosidl_typesupport_fastrtps_c.so" to ""
[136.537s] -- Up-to-date: /home/olivia/dev_ws/install/turtlesim/include/turtlesim/turtlesim
[136.537s] -- Up-to-date: /home/olivia/dev_ws/install/turtlesim/include/turtlesim/turtlesim/msg
[136.538s] -- Installing: /home/olivia/dev_ws/install/turtlesim/include/turtlesim/turtlesim/msg/color.hpp
[136.538s] -- Up-to-date: /home/olivia/dev_ws/install/turtlesim/include/turtlesim/turtlesim/msg/detail
[136.538s] -- Installing: /home/olivia/dev_ws/install/turtlesim/include/turtlesim/turtlesim/msg/detail/color__traits.hpp
[136.538s] -- Installing: /home/olivia/dev_ws/install/turtlesim/include/turtlesim/turtlesim/msg/detail/color__struct.hpp
[136.539s] -- Installing: /home/olivia/dev_ws/install/turtlesim/include/turtlesim/turtlesim/msg/detail/pose__traits.hpp
[136.539s] -- Installing: /home/olivia/dev_ws/install/turtlesim/include/turtlesim/turtlesim/msg/detail/pose__builder.hpp
[136.539s] -- Installing: /home/olivia/dev_ws/install/turtlesim/include/turtlesim/turtlesim/msg/detail/pose__struct.hpp
[136.539s] -- Installing: /home/olivia/dev_ws/install/turtlesim/include/turtlesim/turtlesim/msg/detail/color__builder.hpp
[136.540s] -- Installing: /home/olivia/dev_ws/install/turtlesim/include/turtlesim/turtlesim/msg/pose.hpp
[136.540s] -- Up-to-date: /home/olivia/dev_ws/install/turtlesim/include/turtlesim/turtlesim/action
[136.540s] -- Up-to-date: /home/olivia/dev_ws/install/turtlesim/include/turtlesim/turtlesim/action/detail
[136.540s] -- Installing: /home/olivia/dev_ws/install/turtlesim/include/turtlesim/turtlesim/action/detail/rotate_absolute__struct.hpp
[136.541s] -- Installing: /home/olivia/dev_ws/install/turtlesim/include/turtlesim/turtlesim/action/detail/rotate_absolute__traits.hpp
[136.541s] -- Installing: /home/olivia/dev_ws/install/turtlesim/include/turtlesim/turtlesim/action/detail/rotate_absolute__builder.hpp
[136.541s] -- Installing: /home/olivia/dev_ws/install/turtlesim/include/turtlesim/turtlesim/action/rotate_absolute.hpp
[136.541s] -- Up-to-date: /home/olivia/dev_ws/install/turtlesim/include/turtlesim/turtlesim/srv
[136.542s] -- Installing: /home/olivia/dev_ws/install/turtlesim/include/turtlesim/turtlesim/srv/teleport_relative.hpp
[136.542s] -- Installing: /home/olivia/dev_ws/install/turtlesim/include/turtlesim/turtlesim/srv/spawn.hpp
[136.542s] -- Installing: /home/olivia/dev_ws/install/turtlesim/include/turtlesim/turtlesim/srv/teleport_absolute.hpp
[136.542s] -- Installing: /home/olivia/dev_ws/install/turtlesim/include/turtlesim/turtlesim/srv/set_pen.hpp
[136.543s] -- Installing: /home/olivia/dev_ws/install/turtlesim/include/turtlesim/turtlesim/srv/kill.hpp
[136.543s] -- Up-to-date: /home/olivia/dev_ws/install/turtlesim/include/turtlesim/turtlesim/srv/detail
[136.543s] -- Installing: /home/olivia/dev_ws/install/turtlesim/include/turtlesim/turtlesim/srv/detail/teleport_relative__struct.hpp
[136.543s] -- Installing: /home/olivia/dev_ws/install/turtlesim/include/turtlesim/turtlesim/srv/detail/teleport_relative__builder.hpp
[136.544s] -- Installing: /home/olivia/dev_ws/install/turtlesim/include/turtlesim/turtlesim/srv/detail/kill__builder.hpp
[136.544s] -- Installing: /home/olivia/dev_ws/install/turtlesim/include/turtlesim/turtlesim/srv/detail/spawn__struct.hpp
[136.544s] -- Installing: /home/olivia/dev_ws/install/turtlesim/include/turtlesim/turtlesim/srv/detail/teleport_relative__traits.hpp
[136.544s] -- Installing: /home/olivia/dev_ws/install/turtlesim/include/turtlesim/turtlesim/srv/detail/teleport_absolute__traits.hpp
[136.545s] -- Installing: /home/olivia/dev_ws/install/turtlesim/include/turtlesim/turtlesim/srv/detail/spawn__builder.hpp
[136.545s] -- Installing: /home/olivia/dev_ws/install/turtlesim/include/turtlesim/turtlesim/srv/detail/teleport_absolute__struct.hpp
[136.545s] -- Installing: /home/olivia/dev_ws/install/turtlesim/include/turtlesim/turtlesim/srv/detail/set_pen__struct.hpp
[136.546s] -- Installing: /home/olivia/dev_ws/install/turtlesim/include/turtlesim/turtlesim/srv/detail/spawn__traits.hpp
[136.546s] -- Installing: /home/olivia/dev_ws/install/turtlesim/include/turtlesim/turtlesim/srv/detail/set_pen__builder.hpp
[136.546s] -- Installing: /home/olivia/dev_ws/install/turtlesim/include/turtlesim/turtlesim/srv/detail/teleport_absolute__builder.hpp
[136.546s] -- Installing: /home/olivia/dev_ws/install/turtlesim/include/turtlesim/turtlesim/srv/detail/kill__traits.hpp
[136.546s] -- Installing: /home/olivia/dev_ws/install/turtlesim/include/turtlesim/turtlesim/srv/detail/kill__struct.hpp
[136.547s] -- Installing: /home/olivia/dev_ws/install/turtlesim/include/turtlesim/turtlesim/srv/detail/set_pen__traits.hpp
[136.557s] -- Up-to-date: /home/olivia/dev_ws/install/turtlesim/include/turtlesim/turtlesim
[136.558s] -- Up-to-date: /home/olivia/dev_ws/install/turtlesim/include/turtlesim/turtlesim/msg
[136.558s] -- Installing: /home/olivia/dev_ws/install/turtlesim/include/turtlesim/turtlesim/msg/rosidl_typesupport_fastrtps_cpp__visibility_control.h
[136.571s] -- Up-to-date: /home/olivia/dev_ws/install/turtlesim/include/turtlesim/turtlesim/msg/detail
[136.578s] -- Installing: /home/olivia/dev_ws/install/turtlesim/include/turtlesim/turtlesim/msg/detail/pose__rosidl_typesupport_fastrtps_cpp.hpp
[136.579s] -- Installing: /home/olivia/dev_ws/install/turtlesim/include/turtlesim/turtlesim/msg/detail/dds_fastrtps
[136.579s] -- Installing: /home/olivia/dev_ws/install/turtlesim/include/turtlesim/turtlesim/msg/detail/color__rosidl_typesupport_fastrtps_cpp.hpp
[136.580s] -- Up-to-date: /home/olivia/dev_ws/install/turtlesim/include/turtlesim/turtlesim/action
[136.589s] -- Up-to-date: /home/olivia/dev_ws/install/turtlesim/include/turtlesim/turtlesim/action/detail
[136.589s] -- Installing: /home/olivia/dev_ws/install/turtlesim/include/turtlesim/turtlesim/action/detail/rotate_absolute__rosidl_typesupport_fastrtps_cpp.hpp
[136.602s] -- Installing: /home/olivia/dev_ws/install/turtlesim/include/turtlesim/turtlesim/action/detail/dds_fastrtps
[136.602s] -- Up-to-date: /home/olivia/dev_ws/install/turtlesim/include/turtlesim/turtlesim/srv
[136.603s] -- Up-to-date: /home/olivia/dev_ws/install/turtlesim/include/turtlesim/turtlesim/srv/detail
[136.603s] -- Installing: /home/olivia/dev_ws/install/turtlesim/include/turtlesim/turtlesim/srv/detail/teleport_absolute__rosidl_typesupport_fastrtps_cpp.hpp
[136.603s] -- Installing: /home/olivia/dev_ws/install/turtlesim/include/turtlesim/turtlesim/srv/detail/spawn__rosidl_typesupport_fastrtps_cpp.hpp
[136.607s] -- Installing: /home/olivia/dev_ws/install/turtlesim/include/turtlesim/turtlesim/srv/detail/teleport_relative__rosidl_typesupport_fastrtps_cpp.hpp
[136.608s] -- Installing: /home/olivia/dev_ws/install/turtlesim/include/turtlesim/turtlesim/srv/detail/set_pen__rosidl_typesupport_fastrtps_cpp.hpp
[136.609s] -- Installing: /home/olivia/dev_ws/install/turtlesim/include/turtlesim/turtlesim/srv/detail/dds_fastrtps
[136.609s] -- Installing: /home/olivia/dev_ws/install/turtlesim/include/turtlesim/turtlesim/srv/detail/kill__rosidl_typesupport_fastrtps_cpp.hpp
[136.609s] -- Installing: /home/olivia/dev_ws/install/turtlesim/lib/libturtlesim__rosidl_typesupport_fastrtps_cpp.so
[136.624s] -- Set runtime path of "/home/olivia/dev_ws/install/turtlesim/lib/libturtlesim__rosidl_typesupport_fastrtps_cpp.so" to ""
[136.625s] -- Up-to-date: /home/olivia/dev_ws/install/turtlesim/include/turtlesim/turtlesim
[136.625s] -- Up-to-date: /home/olivia/dev_ws/install/turtlesim/include/turtlesim/turtlesim/msg
[136.625s] -- Installing: /home/olivia/dev_ws/install/turtlesim/include/turtlesim/turtlesim/msg/rosidl_typesupport_introspection_c__visibility_control.h
[136.625s] -- Up-to-date: /home/olivia/dev_ws/install/turtlesim/include/turtlesim/turtlesim/msg/detail
[136.626s] -- Installing: /home/olivia/dev_ws/install/turtlesim/include/turtlesim/turtlesim/msg/detail/color__type_support.c
[136.635s] -- Installing: /home/olivia/dev_ws/install/turtlesim/include/turtlesim/turtlesim/msg/detail/color__rosidl_typesupport_introspection_c.h
[136.635s] -- Installing: /home/olivia/dev_ws/install/turtlesim/include/turtlesim/turtlesim/msg/detail/pose__rosidl_typesupport_introspection_c.h
[136.636s] -- Installing: /home/olivia/dev_ws/install/turtlesim/include/turtlesim/turtlesim/msg/detail/pose__type_support.c
[136.636s] -- Up-to-date: /home/olivia/dev_ws/install/turtlesim/include/turtlesim/turtlesim/action
[136.636s] -- Up-to-date: /home/olivia/dev_ws/install/turtlesim/include/turtlesim/turtlesim/action/detail
[136.636s] -- Installing: /home/olivia/dev_ws/install/turtlesim/include/turtlesim/turtlesim/action/detail/rotate_absolute__rosidl_typesupport_introspection_c.h
[136.644s] -- Installing: /home/olivia/dev_ws/install/turtlesim/include/turtlesim/turtlesim/action/detail/rotate_absolute__type_support.c
[136.645s] -- Up-to-date: /home/olivia/dev_ws/install/turtlesim/include/turtlesim/turtlesim/srv
[136.646s] -- Up-to-date: /home/olivia/dev_ws/install/turtlesim/include/turtlesim/turtlesim/srv/detail
[136.646s] -- Installing: /home/olivia/dev_ws/install/turtlesim/include/turtlesim/turtlesim/srv/detail/teleport_absolute__rosidl_typesupport_introspection_c.h
[136.647s] -- Installing: /home/olivia/dev_ws/install/turtlesim/include/turtlesim/turtlesim/srv/detail/spawn__type_support.c
[136.647s] -- Installing: /home/olivia/dev_ws/install/turtlesim/include/turtlesim/turtlesim/srv/detail/set_pen__type_support.c
[136.648s] -- Installing: /home/olivia/dev_ws/install/turtlesim/include/turtlesim/turtlesim/srv/detail/set_pen__rosidl_typesupport_introspection_c.h
[136.648s] -- Installing: /home/olivia/dev_ws/install/turtlesim/include/turtlesim/turtlesim/srv/detail/spawn__rosidl_typesupport_introspection_c.h
[136.648s] -- Installing: /home/olivia/dev_ws/install/turtlesim/include/turtlesim/turtlesim/srv/detail/teleport_absolute__type_support.c
[136.648s] -- Installing: /home/olivia/dev_ws/install/turtlesim/include/turtlesim/turtlesim/srv/detail/teleport_relative__type_support.c
[136.650s] -- Installing: /home/olivia/dev_ws/install/turtlesim/include/turtlesim/turtlesim/srv/detail/kill__type_support.c
[136.650s] -- Installing: /home/olivia/dev_ws/install/turtlesim/include/turtlesim/turtlesim/srv/detail/kill__rosidl_typesupport_introspection_c.h
[136.651s] -- Installing: /home/olivia/dev_ws/install/turtlesim/include/turtlesim/turtlesim/srv/detail/teleport_relative__rosidl_typesupport_introspection_c.h
[136.651s] -- Installing: /home/olivia/dev_ws/install/turtlesim/lib/libturtlesim__rosidl_typesupport_introspection_c.so
[136.662s] -- Set runtime path of "/home/olivia/dev_ws/install/turtlesim/lib/libturtlesim__rosidl_typesupport_introspection_c.so" to ""
[136.662s] -- Installing: /home/olivia/dev_ws/install/turtlesim/lib/libturtlesim__rosidl_typesupport_c.so
[136.663s] -- Set runtime path of "/home/olivia/dev_ws/install/turtlesim/lib/libturtlesim__rosidl_typesupport_c.so" to ""
[136.675s] -- Up-to-date: /home/olivia/dev_ws/install/turtlesim/include/turtlesim/turtlesim
[136.675s] -- Up-to-date: /home/olivia/dev_ws/install/turtlesim/include/turtlesim/turtlesim/msg
[136.677s] -- Up-to-date: /home/olivia/dev_ws/install/turtlesim/include/turtlesim/turtlesim/msg/detail
[136.677s] -- Installing: /home/olivia/dev_ws/install/turtlesim/include/turtlesim/turtlesim/msg/detail/pose__type_support.cpp
[136.692s] -- Installing: /home/olivia/dev_ws/install/turtlesim/include/turtlesim/turtlesim/msg/detail/color__rosidl_typesupport_introspection_cpp.hpp
[136.692s] -- Installing: /home/olivia/dev_ws/install/turtlesim/include/turtlesim/turtlesim/msg/detail/color__type_support.cpp
[136.692s] -- Installing: /home/olivia/dev_ws/install/turtlesim/include/turtlesim/turtlesim/msg/detail/pose__rosidl_typesupport_introspection_cpp.hpp
[136.693s] -- Up-to-date: /home/olivia/dev_ws/install/turtlesim/include/turtlesim/turtlesim/action
[136.693s] -- Up-to-date: /home/olivia/dev_ws/install/turtlesim/include/turtlesim/turtlesim/action/detail
[136.693s] -- Installing: /home/olivia/dev_ws/install/turtlesim/include/turtlesim/turtlesim/action/detail/rotate_absolute__rosidl_typesupport_introspection_cpp.hpp
[136.701s] -- Installing: /home/olivia/dev_ws/install/turtlesim/include/turtlesim/turtlesim/action/detail/rotate_absolute__type_support.cpp
[136.702s] -- Up-to-date: /home/olivia/dev_ws/install/turtlesim/include/turtlesim/turtlesim/srv
[136.703s] -- Up-to-date: /home/olivia/dev_ws/install/turtlesim/include/turtlesim/turtlesim/srv/detail
[136.703s] -- Installing: /home/olivia/dev_ws/install/turtlesim/include/turtlesim/turtlesim/srv/detail/teleport_relative__type_support.cpp
[136.707s] -- Installing: /home/olivia/dev_ws/install/turtlesim/include/turtlesim/turtlesim/srv/detail/kill__rosidl_typesupport_introspection_cpp.hpp
[136.707s] -- Installing: /home/olivia/dev_ws/install/turtlesim/include/turtlesim/turtlesim/srv/detail/set_pen__rosidl_typesupport_introspection_cpp.hpp
[136.708s] -- Installing: /home/olivia/dev_ws/install/turtlesim/include/turtlesim/turtlesim/srv/detail/set_pen__type_support.cpp
[136.708s] -- Installing: /home/olivia/dev_ws/install/turtlesim/include/turtlesim/turtlesim/srv/detail/spawn__rosidl_typesupport_introspection_cpp.hpp
[136.708s] -- Installing: /home/olivia/dev_ws/install/turtlesim/include/turtlesim/turtlesim/srv/detail/kill__type_support.cpp
[136.709s] -- Installing: /home/olivia/dev_ws/install/turtlesim/include/turtlesim/turtlesim/srv/detail/teleport_absolute__type_support.cpp
[136.709s] -- Installing: /home/olivia/dev_ws/install/turtlesim/include/turtlesim/turtlesim/srv/detail/teleport_absolute__rosidl_typesupport_introspection_cpp.hpp
[136.709s] -- Installing: /home/olivia/dev_ws/install/turtlesim/include/turtlesim/turtlesim/srv/detail/teleport_relative__rosidl_typesupport_introspection_cpp.hpp
[136.709s] -- Installing: /home/olivia/dev_ws/install/turtlesim/include/turtlesim/turtlesim/srv/detail/spawn__type_support.cpp
[136.710s] -- Installing: /home/olivia/dev_ws/install/turtlesim/lib/libturtlesim__rosidl_typesupport_introspection_cpp.so
[136.720s] -- Set runtime path of "/home/olivia/dev_ws/install/turtlesim/lib/libturtlesim__rosidl_typesupport_introspection_cpp.so" to ""
[136.720s] -- Installing: /home/olivia/dev_ws/install/turtlesim/lib/libturtlesim__rosidl_typesupport_cpp.so
[136.734s] -- Set runtime path of "/home/olivia/dev_ws/install/turtlesim/lib/libturtlesim__rosidl_typesupport_cpp.so" to ""
[136.734s] -- Installing: /home/olivia/dev_ws/install/turtlesim/share/turtlesim/environment/pythonpath.sh
[136.749s] -- Installing: /home/olivia/dev_ws/install/turtlesim/share/turtlesim/environment/pythonpath.dsv
[136.758s] -- Installing: /home/olivia/dev_ws/install/turtlesim/local/lib/python3.10/dist-packages/turtlesim-1.4.1-py3.10.egg-info
[136.763s] -- Installing: /home/olivia/dev_ws/install/turtlesim/local/lib/python3.10/dist-packages/turtlesim-1.4.1-py3.10.egg-info/SOURCES.txt
[136.779s] -- Installing: /home/olivia/dev_ws/install/turtlesim/local/lib/python3.10/dist-packages/turtlesim-1.4.1-py3.10.egg-info/dependency_links.txt
[136.791s] -- Installing: /home/olivia/dev_ws/install/turtlesim/local/lib/python3.10/dist-packages/turtlesim-1.4.1-py3.10.egg-info/top_level.txt
[136.791s] -- Installing: /home/olivia/dev_ws/install/turtlesim/local/lib/python3.10/dist-packages/turtlesim-1.4.1-py3.10.egg-info/PKG-INFO
[136.792s] -- Installing: /home/olivia/dev_ws/install/turtlesim/local/lib/python3.10/dist-packages/turtlesim
[136.792s] -- Installing: /home/olivia/dev_ws/install/turtlesim/local/lib/python3.10/dist-packages/turtlesim/msg
[136.792s] -- Installing: /home/olivia/dev_ws/install/turtlesim/local/lib/python3.10/dist-packages/turtlesim/msg/_pose_s.c
[136.792s] -- Installing: /home/olivia/dev_ws/install/turtlesim/local/lib/python3.10/dist-packages/turtlesim/msg/_color_s.c
[136.793s] -- Installing: /home/olivia/dev_ws/install/turtlesim/local/lib/python3.10/dist-packages/turtlesim/msg/_color.py
[136.793s] -- Installing: /home/olivia/dev_ws/install/turtlesim/local/lib/python3.10/dist-packages/turtlesim/msg/__init__.py
[136.793s] -- Installing: /home/olivia/dev_ws/install/turtlesim/local/lib/python3.10/dist-packages/turtlesim/msg/_pose.py
[136.793s] -- Installing: /home/olivia/dev_ws/install/turtlesim/local/lib/python3.10/dist-packages/turtlesim/libturtlesim__rosidl_generator_py.so
[136.793s] -- Installing: /home/olivia/dev_ws/install/turtlesim/local/lib/python3.10/dist-packages/turtlesim/__init__.py
[136.793s] -- Installing: /home/olivia/dev_ws/install/turtlesim/local/lib/python3.10/dist-packages/turtlesim/_turtlesim_s.ep.rosidl_typesupport_fastrtps_c.c
[136.794s] -- Installing: /home/olivia/dev_ws/install/turtlesim/local/lib/python3.10/dist-packages/turtlesim/turtlesim_s__rosidl_typesupport_fastrtps_c.cpython-310-x86_64-linux-gnu.so
[136.820s] -- Installing: /home/olivia/dev_ws/install/turtlesim/local/lib/python3.10/dist-packages/turtlesim/turtlesim_s__rosidl_typesupport_c.cpython-310-x86_64-linux-gnu.so
[136.820s] -- Installing: /home/olivia/dev_ws/install/turtlesim/local/lib/python3.10/dist-packages/turtlesim/action
[136.820s] -- Installing: /home/olivia/dev_ws/install/turtlesim/local/lib/python3.10/dist-packages/turtlesim/action/_rotate_absolute.py
[136.820s] -- Installing: /home/olivia/dev_ws/install/turtlesim/local/lib/python3.10/dist-packages/turtlesim/action/__init__.py
[136.820s] -- Installing: /home/olivia/dev_ws/install/turtlesim/local/lib/python3.10/dist-packages/turtlesim/action/_rotate_absolute_s.c
[136.820s] -- Installing: /home/olivia/dev_ws/install/turtlesim/local/lib/python3.10/dist-packages/turtlesim/_turtlesim_s.ep.rosidl_typesupport_introspection_c.c
[136.821s] -- Installing: /home/olivia/dev_ws/install/turtlesim/local/lib/python3.10/dist-packages/turtlesim/srv
[136.821s] -- Installing: /home/olivia/dev_ws/install/turtlesim/local/lib/python3.10/dist-packages/turtlesim/srv/_teleport_relative_s.c
[136.821s] -- Installing: /home/olivia/dev_ws/install/turtlesim/local/lib/python3.10/dist-packages/turtlesim/srv/_set_pen_s.c
[136.821s] -- Installing: /home/olivia/dev_ws/install/turtlesim/local/lib/python3.10/dist-packages/turtlesim/srv/_spawn.py
[136.821s] -- Installing: /home/olivia/dev_ws/install/turtlesim/local/lib/python3.10/dist-packages/turtlesim/srv/_teleport_relative.py
[136.821s] -- Installing: /home/olivia/dev_ws/install/turtlesim/local/lib/python3.10/dist-packages/turtlesim/srv/_set_pen.py
[136.821s] -- Installing: /home/olivia/dev_ws/install/turtlesim/local/lib/python3.10/dist-packages/turtlesim/srv/_teleport_absolute_s.c
[136.821s] -- Installing: /home/olivia/dev_ws/install/turtlesim/local/lib/python3.10/dist-packages/turtlesim/srv/_spawn_s.c
[136.821s] -- Installing: /home/olivia/dev_ws/install/turtlesim/local/lib/python3.10/dist-packages/turtlesim/srv/__init__.py
[136.821s] -- Installing: /home/olivia/dev_ws/install/turtlesim/local/lib/python3.10/dist-packages/turtlesim/srv/_kill_s.c
[136.821s] -- Installing: /home/olivia/dev_ws/install/turtlesim/local/lib/python3.10/dist-packages/turtlesim/srv/_teleport_absolute.py
[136.822s] -- Installing: /home/olivia/dev_ws/install/turtlesim/local/lib/python3.10/dist-packages/turtlesim/srv/_kill.py
[136.822s] -- Installing: /home/olivia/dev_ws/install/turtlesim/local/lib/python3.10/dist-packages/turtlesim/turtlesim_s__rosidl_typesupport_introspection_c.cpython-310-x86_64-linux-gnu.so
[136.822s] -- Installing: /home/olivia/dev_ws/install/turtlesim/local/lib/python3.10/dist-packages/turtlesim/_turtlesim_s.ep.rosidl_typesupport_c.c
[136.910s] Listing '/home/olivia/dev_ws/install/turtlesim/local/lib/python3.10/dist-packages/turtlesim'...
[136.910s] Compiling '/home/olivia/dev_ws/install/turtlesim/local/lib/python3.10/dist-packages/turtlesim/__init__.py'...
[136.910s] Listing '/home/olivia/dev_ws/install/turtlesim/local/lib/python3.10/dist-packages/turtlesim/action'...
[136.911s] Compiling '/home/olivia/dev_ws/install/turtlesim/local/lib/python3.10/dist-packages/turtlesim/action/__init__.py'...
[136.911s] Compiling '/home/olivia/dev_ws/install/turtlesim/local/lib/python3.10/dist-packages/turtlesim/action/_rotate_absolute.py'...
[136.911s] Listing '/home/olivia/dev_ws/install/turtlesim/local/lib/python3.10/dist-packages/turtlesim/msg'...
[136.911s] Compiling '/home/olivia/dev_ws/install/turtlesim/local/lib/python3.10/dist-packages/turtlesim/msg/__init__.py'...
[136.911s] Compiling '/home/olivia/dev_ws/install/turtlesim/local/lib/python3.10/dist-packages/turtlesim/msg/_color.py'...
[136.911s] Compiling '/home/olivia/dev_ws/install/turtlesim/local/lib/python3.10/dist-packages/turtlesim/msg/_pose.py'...
[136.911s] Listing '/home/olivia/dev_ws/install/turtlesim/local/lib/python3.10/dist-packages/turtlesim/srv'...
[136.911s] Compiling '/home/olivia/dev_ws/install/turtlesim/local/lib/python3.10/dist-packages/turtlesim/srv/__init__.py'...
[136.911s] Compiling '/home/olivia/dev_ws/install/turtlesim/local/lib/python3.10/dist-packages/turtlesim/srv/_kill.py'...
[136.911s] Compiling '/home/olivia/dev_ws/install/turtlesim/local/lib/python3.10/dist-packages/turtlesim/srv/_set_pen.py'...
[136.911s] Compiling '/home/olivia/dev_ws/install/turtlesim/local/lib/python3.10/dist-packages/turtlesim/srv/_spawn.py'...
[136.912s] Compiling '/home/olivia/dev_ws/install/turtlesim/local/lib/python3.10/dist-packages/turtlesim/srv/_teleport_absolute.py'...
[136.912s] Compiling '/home/olivia/dev_ws/install/turtlesim/local/lib/python3.10/dist-packages/turtlesim/srv/_teleport_relative.py'...
[136.917s] -- Installing: /home/olivia/dev_ws/install/turtlesim/local/lib/python3.10/dist-packages/turtlesim/turtlesim_s__rosidl_typesupport_fastrtps_c.cpython-310-x86_64-linux-gnu.so
[136.918s] -- Set runtime path of "/home/olivia/dev_ws/install/turtlesim/local/lib/python3.10/dist-packages/turtlesim/turtlesim_s__rosidl_typesupport_fastrtps_c.cpython-310-x86_64-linux-gnu.so" to ""
[136.918s] -- Installing: /home/olivia/dev_ws/install/turtlesim/local/lib/python3.10/dist-packages/turtlesim/turtlesim_s__rosidl_typesupport_introspection_c.cpython-310-x86_64-linux-gnu.so
[136.919s] -- Set runtime path of "/home/olivia/dev_ws/install/turtlesim/local/lib/python3.10/dist-packages/turtlesim/turtlesim_s__rosidl_typesupport_introspection_c.cpython-310-x86_64-linux-gnu.so" to ""
[136.919s] -- Installing: /home/olivia/dev_ws/install/turtlesim/local/lib/python3.10/dist-packages/turtlesim/turtlesim_s__rosidl_typesupport_c.cpython-310-x86_64-linux-gnu.so
[136.920s] -- Set runtime path of "/home/olivia/dev_ws/install/turtlesim/local/lib/python3.10/dist-packages/turtlesim/turtlesim_s__rosidl_typesupport_c.cpython-310-x86_64-linux-gnu.so" to ""
[136.920s] -- Installing: /home/olivia/dev_ws/install/turtlesim/lib/libturtlesim__rosidl_generator_py.so
[136.921s] -- Set runtime path of "/home/olivia/dev_ws/install/turtlesim/lib/libturtlesim__rosidl_generator_py.so" to ""
[136.921s] -- Installing: /home/olivia/dev_ws/install/turtlesim/share/turtlesim/action/RotateAbsolute.idl
[136.921s] -- Installing: /home/olivia/dev_ws/install/turtlesim/share/turtlesim/msg/Color.idl
[136.922s] -- Installing: /home/olivia/dev_ws/install/turtlesim/share/turtlesim/msg/Pose.idl
[136.922s] -- Installing: /home/olivia/dev_ws/install/turtlesim/share/turtlesim/srv/Kill.idl
[136.922s] -- Installing: /home/olivia/dev_ws/install/turtlesim/share/turtlesim/srv/SetPen.idl
[136.922s] -- Installing: /home/olivia/dev_ws/install/turtlesim/share/turtlesim/srv/Spawn.idl
[136.923s] -- Installing: /home/olivia/dev_ws/install/turtlesim/share/turtlesim/srv/TeleportAbsolute.idl
[136.923s] -- Installing: /home/olivia/dev_ws/install/turtlesim/share/turtlesim/srv/TeleportRelative.idl
[136.923s] -- Installing: /home/olivia/dev_ws/install/turtlesim/share/turtlesim/action/RotateAbsolute.action
[136.935s] -- Installing: /home/olivia/dev_ws/install/turtlesim/share/turtlesim/msg/Color.msg
[136.938s] -- Installing: /home/olivia/dev_ws/install/turtlesim/share/turtlesim/msg/Pose.msg
[136.938s] -- Installing: /home/olivia/dev_ws/install/turtlesim/share/turtlesim/srv/Kill.srv
[136.938s] -- Installing: /home/olivia/dev_ws/install/turtlesim/share/turtlesim/srv/Kill_Request.msg
[136.948s] -- Installing: /home/olivia/dev_ws/install/turtlesim/share/turtlesim/srv/Kill_Response.msg
[136.948s] -- Installing: /home/olivia/dev_ws/install/turtlesim/share/turtlesim/srv/SetPen.srv
[136.948s] -- Installing: /home/olivia/dev_ws/install/turtlesim/share/turtlesim/srv/SetPen_Request.msg
[136.949s] -- Installing: /home/olivia/dev_ws/install/turtlesim/share/turtlesim/srv/SetPen_Response.msg
[136.949s] -- Installing: /home/olivia/dev_ws/install/turtlesim/share/turtlesim/srv/Spawn.srv
[136.949s] -- Installing: /home/olivia/dev_ws/install/turtlesim/share/turtlesim/srv/Spawn_Request.msg
[136.950s] -- Installing: /home/olivia/dev_ws/install/turtlesim/share/turtlesim/srv/Spawn_Response.msg
[136.950s] -- Installing: /home/olivia/dev_ws/install/turtlesim/share/turtlesim/srv/TeleportAbsolute.srv
[136.950s] -- Installing: /home/olivia/dev_ws/install/turtlesim/share/turtlesim/srv/TeleportAbsolute_Request.msg
[136.950s] -- Installing: /home/olivia/dev_ws/install/turtlesim/share/turtlesim/srv/TeleportAbsolute_Response.msg
[136.951s] -- Installing: /home/olivia/dev_ws/install/turtlesim/share/turtlesim/srv/TeleportRelative.srv
[136.951s] -- Installing: /home/olivia/dev_ws/install/turtlesim/share/turtlesim/srv/TeleportRelative_Request.msg
[136.952s] -- Installing: /home/olivia/dev_ws/install/turtlesim/share/turtlesim/srv/TeleportRelative_Response.msg
[136.952s] -- Installing: /home/olivia/dev_ws/install/turtlesim/lib/turtlesim/turtlesim_node
[136.961s] -- Set runtime path of "/home/olivia/dev_ws/install/turtlesim/lib/turtlesim/turtlesim_node" to ""
[136.962s] -- Installing: /home/olivia/dev_ws/install/turtlesim/lib/turtlesim/turtle_teleop_key
[136.964s] -- Set runtime path of "/home/olivia/dev_ws/install/turtlesim/lib/turtlesim/turtle_teleop_key" to ""
[136.964s] -- Installing: /home/olivia/dev_ws/install/turtlesim/lib/turtlesim/draw_square
[136.969s] -- Set runtime path of "/home/olivia/dev_ws/install/turtlesim/lib/turtlesim/draw_square" to ""
[136.969s] -- Installing: /home/olivia/dev_ws/install/turtlesim/lib/turtlesim/mimic
[136.973s] -- Set runtime path of "/home/olivia/dev_ws/install/turtlesim/lib/turtlesim/mimic" to ""
[136.974s] -- Installing: /home/olivia/dev_ws/install/turtlesim/share/turtlesim/images
[136.988s] -- Installing: /home/olivia/dev_ws/install/turtlesim/share/turtlesim/images/humble.png
[136.989s] -- Installing: /home/olivia/dev_ws/install/turtlesim/share/turtlesim/images/foxy.png
[136.989s] -- Installing: /home/olivia/dev_ws/install/turtlesim/share/turtlesim/images/rolling.png
[136.989s] -- Installing: /home/olivia/dev_ws/install/turtlesim/share/turtlesim/images/dashing.png
[136.989s] -- Installing: /home/olivia/dev_ws/install/turtlesim/share/turtlesim/images/eloquent.png
[136.990s] -- Installing: /home/olivia/dev_ws/install/turtlesim/share/turtlesim/images/crystal.png
[136.990s] -- Installing: /home/olivia/dev_ws/install/turtlesim/share/turtlesim/images/ardent.png
[136.990s] -- Installing: /home/olivia/dev_ws/install/turtlesim/share/turtlesim/images/galactic.png
[136.991s] -- Installing: /home/olivia/dev_ws/install/turtlesim/share/turtlesim/images/bouncy.png
[136.991s] -- Installing: /home/olivia/dev_ws/install/turtlesim/share/turtlesim/launch
[136.991s] -- Installing: /home/olivia/dev_ws/install/turtlesim/share/turtlesim/launch/multisim.launch.py
[136.992s] -- Installing: /home/olivia/dev_ws/install/turtlesim/share/ament_index/resource_index/package_run_dependencies/turtlesim
[136.992s] -- Installing: /home/olivia/dev_ws/install/turtlesim/share/ament_index/resource_index/parent_prefix_path/turtlesim
[137.007s] -- Installing: /home/olivia/dev_ws/install/turtlesim/share/turtlesim/environment/ament_prefix_path.sh
[137.022s] -- Installing: /home/olivia/dev_ws/install/turtlesim/share/turtlesim/environment/ament_prefix_path.dsv
[137.022s] -- Installing: /home/olivia/dev_ws/install/turtlesim/share/turtlesim/environment/path.sh
[137.022s] -- Installing: /home/olivia/dev_ws/install/turtlesim/share/turtlesim/environment/path.dsv
[137.023s] -- Installing: /home/olivia/dev_ws/install/turtlesim/share/turtlesim/local_setup.bash
[137.023s] -- Installing: /home/olivia/dev_ws/install/turtlesim/share/turtlesim/local_setup.sh
[137.023s] -- Installing: /home/olivia/dev_ws/install/turtlesim/share/turtlesim/local_setup.zsh
[137.023s] -- Installing: /home/olivia/dev_ws/install/turtlesim/share/turtlesim/local_setup.dsv
[137.024s] -- Installing: /home/olivia/dev_ws/install/turtlesim/share/turtlesim/package.dsv
[137.024s] -- Installing: /home/olivia/dev_ws/install/turtlesim/share/ament_index/resource_index/packages/turtlesim
[137.041s] -- Installing: /home/olivia/dev_ws/install/turtlesim/share/turtlesim/cmake/export_turtlesim__rosidl_generator_cExport.cmake
[137.051s] -- Installing: /home/olivia/dev_ws/install/turtlesim/share/turtlesim/cmake/export_turtlesim__rosidl_generator_cExport-noconfig.cmake
[137.051s] -- Installing: /home/olivia/dev_ws/install/turtlesim/share/turtlesim/cmake/export_turtlesim__rosidl_typesupport_fastrtps_cExport.cmake
[137.051s] -- Installing: /home/olivia/dev_ws/install/turtlesim/share/turtlesim/cmake/export_turtlesim__rosidl_typesupport_fastrtps_cExport-noconfig.cmake
[137.052s] -- Installing: /home/olivia/dev_ws/install/turtlesim/share/turtlesim/cmake/export_turtlesim__rosidl_generator_cppExport.cmake
[137.052s] -- Installing: /home/olivia/dev_ws/install/turtlesim/share/turtlesim/cmake/export_turtlesim__rosidl_typesupport_fastrtps_cppExport.cmake
[137.052s] -- Installing: /home/olivia/dev_ws/install/turtlesim/share/turtlesim/cmake/export_turtlesim__rosidl_typesupport_fastrtps_cppExport-noconfig.cmake
[137.053s] -- Installing: /home/olivia/dev_ws/install/turtlesim/share/turtlesim/cmake/turtlesim__rosidl_typesupport_introspection_cExport.cmake
[137.053s] -- Installing: /home/olivia/dev_ws/install/turtlesim/share/turtlesim/cmake/turtlesim__rosidl_typesupport_introspection_cExport-noconfig.cmake
[137.053s] -- Installing: /home/olivia/dev_ws/install/turtlesim/share/turtlesim/cmake/turtlesim__rosidl_typesupport_cExport.cmake
[137.054s] -- Installing: /home/olivia/dev_ws/install/turtlesim/share/turtlesim/cmake/turtlesim__rosidl_typesupport_cExport-noconfig.cmake
[137.054s] -- Installing: /home/olivia/dev_ws/install/turtlesim/share/turtlesim/cmake/turtlesim__rosidl_typesupport_introspection_cppExport.cmake
[137.054s] -- Installing: /home/olivia/dev_ws/install/turtlesim/share/turtlesim/cmake/turtlesim__rosidl_typesupport_introspection_cppExport-noconfig.cmake
[137.055s] -- Installing: /home/olivia/dev_ws/install/turtlesim/share/turtlesim/cmake/turtlesim__rosidl_typesupport_cppExport.cmake
[137.055s] -- Installing: /home/olivia/dev_ws/install/turtlesim/share/turtlesim/cmake/turtlesim__rosidl_typesupport_cppExport-noconfig.cmake
[137.055s] -- Installing: /home/olivia/dev_ws/install/turtlesim/share/turtlesim/cmake/export_turtlesim__rosidl_generator_pyExport.cmake
[137.056s] -- Installing: /home/olivia/dev_ws/install/turtlesim/share/turtlesim/cmake/export_turtlesim__rosidl_generator_pyExport-noconfig.cmake
[137.056s] -- Installing: /home/olivia/dev_ws/install/turtlesim/share/turtlesim/cmake/rosidl_cmake-extras.cmake
[137.056s] -- Installing: /home/olivia/dev_ws/install/turtlesim/share/turtlesim/cmake/ament_cmake_export_dependencies-extras.cmake
[137.057s] -- Installing: /home/olivia/dev_ws/install/turtlesim/share/turtlesim/cmake/ament_cmake_export_include_directories-extras.cmake
[137.057s] -- Installing: /home/olivia/dev_ws/install/turtlesim/share/turtlesim/cmake/ament_cmake_export_libraries-extras.cmake
[137.058s] -- Installing: /home/olivia/dev_ws/install/turtlesim/share/turtlesim/cmake/ament_cmake_export_targets-extras.cmake
[137.058s] -- Installing: /home/olivia/dev_ws/install/turtlesim/share/turtlesim/cmake/rosidl_cmake_export_typesupport_targets-extras.cmake
[137.058s] -- Installing: /home/olivia/dev_ws/install/turtlesim/share/turtlesim/cmake/rosidl_cmake_export_typesupport_libraries-extras.cmake
[137.059s] -- Installing: /home/olivia/dev_ws/install/turtlesim/share/turtlesim/cmake/turtlesimConfig.cmake
[137.059s] -- Installing: /home/olivia/dev_ws/install/turtlesim/share/turtlesim/cmake/turtlesimConfig-version.cmake
[137.059s] -- Installing: /home/olivia/dev_ws/install/turtlesim/share/turtlesim/package.xml
[137.105s] Invoked command in '/home/olivia/dev_ws/build/turtlesim' returned '0': CMAKE_PREFIX_PATH=/opt/ros/humble /usr/bin/cmake --install /home/olivia/dev_ws/build/turtlesim
