running egg_info
creating ../../build/warehouse_robot_controller_pkg/warehouse_robot_controller_pkg.egg-info
writing ../../build/warehouse_robot_controller_pkg/warehouse_robot_controller_pkg.egg-info/PKG-INFO
writing dependency_links to ../../build/warehouse_robot_controller_pkg/warehouse_robot_controller_pkg.egg-info/dependency_links.txt
writing entry points to ../../build/warehouse_robot_controller_pkg/warehouse_robot_controller_pkg.egg-info/entry_points.txt
writing requirements to ../../build/warehouse_robot_controller_pkg/warehouse_robot_controller_pkg.egg-info/requires.txt
writing top-level names to ../../build/warehouse_robot_controller_pkg/warehouse_robot_controller_pkg.egg-info/top_level.txt
writing manifest file '../../build/warehouse_robot_controller_pkg/warehouse_robot_controller_pkg.egg-info/SOURCES.txt'
reading manifest file '../../build/warehouse_robot_controller_pkg/warehouse_robot_controller_pkg.egg-info/SOURCES.txt'
writing manifest file '../../build/warehouse_robot_controller_pkg/warehouse_robot_controller_pkg.egg-info/SOURCES.txt'
running build
running build_py
creating /home/olivia/dev_ws/build/warehouse_robot_controller_pkg/build
creating /home/olivia/dev_ws/build/warehouse_robot_controller_pkg/build/lib
creating /home/olivia/dev_ws/build/warehouse_robot_controller_pkg/build/lib/warehouse_robot_controller_pkg
copying warehouse_robot_controller_pkg/robot_estimator.py -> /home/olivia/dev_ws/build/warehouse_robot_controller_pkg/build/lib/warehouse_robot_controller_pkg
copying warehouse_robot_controller_pkg/robot_controller.py -> /home/olivia/dev_ws/build/warehouse_robot_controller_pkg/build/lib/warehouse_robot_controller_pkg
copying warehouse_robot_controller_pkg/__init__.py -> /home/olivia/dev_ws/build/warehouse_robot_controller_pkg/build/lib/warehouse_robot_controller_pkg
running install
/usr/lib/python3/dist-packages/setuptools/command/install.py:34: SetuptoolsDeprecationWarning: setup.py install is deprecated. Use build and pip and other standards-based tools.
  warnings.warn(
running install_lib
creating /home/olivia/dev_ws/install/warehouse_robot_controller_pkg/lib/python3.10/site-packages/warehouse_robot_controller_pkg
copying /home/olivia/dev_ws/build/warehouse_robot_controller_pkg/build/lib/warehouse_robot_controller_pkg/robot_estimator.py -> /home/olivia/dev_ws/install/warehouse_robot_controller_pkg/lib/python3.10/site-packages/warehouse_robot_controller_pkg
copying /home/olivia/dev_ws/build/warehouse_robot_controller_pkg/build/lib/warehouse_robot_controller_pkg/robot_controller.py -> /home/olivia/dev_ws/install/warehouse_robot_controller_pkg/lib/python3.10/site-packages/warehouse_robot_controller_pkg
copying /home/olivia/dev_ws/build/warehouse_robot_controller_pkg/build/lib/warehouse_robot_controller_pkg/__init__.py -> /home/olivia/dev_ws/install/warehouse_robot_controller_pkg/lib/python3.10/site-packages/warehouse_robot_controller_pkg
byte-compiling /home/olivia/dev_ws/install/warehouse_robot_controller_pkg/lib/python3.10/site-packages/warehouse_robot_controller_pkg/robot_estimator.py to robot_estimator.cpython-310.pyc
byte-compiling /home/olivia/dev_ws/install/warehouse_robot_controller_pkg/lib/python3.10/site-packages/warehouse_robot_controller_pkg/robot_controller.py to robot_controller.cpython-310.pyc
byte-compiling /home/olivia/dev_ws/install/warehouse_robot_controller_pkg/lib/python3.10/site-packages/warehouse_robot_controller_pkg/__init__.py to __init__.cpython-310.pyc
running install_data
creating /home/olivia/dev_ws/install/warehouse_robot_controller_pkg/share/ament_index
creating /home/olivia/dev_ws/install/warehouse_robot_controller_pkg/share/ament_index/resource_index
creating /home/olivia/dev_ws/install/warehouse_robot_controller_pkg/share/ament_index/resource_index/packages
copying resource/warehouse_robot_controller_pkg -> /home/olivia/dev_ws/install/warehouse_robot_controller_pkg/share/ament_index/resource_index/packages
copying package.xml -> /home/olivia/dev_ws/install/warehouse_robot_controller_pkg/share/warehouse_robot_controller_pkg
copying launch/controller_estimator.launch.py -> /home/olivia/dev_ws/install/warehouse_robot_controller_pkg/share/warehouse_robot_controller_pkg
running install_egg_info
Copying ../../build/warehouse_robot_controller_pkg/warehouse_robot_controller_pkg.egg-info to /home/olivia/dev_ws/install/warehouse_robot_controller_pkg/lib/python3.10/site-packages/warehouse_robot_controller_pkg-0.0.0-py3.10.egg-info
running install_scripts
Installing robot_controller script to /home/olivia/dev_ws/install/warehouse_robot_controller_pkg/lib/warehouse_robot_controller_pkg
Installing robot_estimator script to /home/olivia/dev_ws/install/warehouse_robot_controller_pkg/lib/warehouse_robot_controller_pkg
writing list of installed files to '/home/olivia/dev_ws/build/warehouse_robot_controller_pkg/install.log'
