[31.335s] DEBUG:colcon:Command line arguments: ['/usr/bin/colcon', 'build', '--packages-select', 'warehouse_robot_spawner_pkg']
[31.335s] DEBUG:colcon:Parsed command line arguments: Namespace(log_base=None, log_level=None, verb_name='build', build_base='build', install_base='install', merge_install=False, symlink_install=False, test_result_base=None, continue_on_error=False, executor='parallel', parallel_workers=4, event_handlers=None, ignore_user_meta=False, metas=['./colcon.meta'], base_paths=['.'], packages_ignore=None, packages_ignore_regex=None, paths=None, packages_up_to=None, packages_up_to_regex=None, packages_above=None, packages_above_and_dependencies=None, packages_above_depth=None, packages_select_by_dep=None, packages_skip_by_dep=None, packages_skip_up_to=None, packages_select_build_failed=False, packages_skip_build_finished=False, packages_select_test_failures=False, packages_skip_test_passed=False, packages_select=['warehouse_robot_spawner_pkg'], packages_skip=None, packages_select_regex=None, packages_skip_regex=None, packages_start=None, packages_end=None, allow_overriding=[], cmake_args=None, cmake_target=None, cmake_target_skip_unavailable=False, cmake_clean_cache=False, cmake_clean_first=False, cmake_force_configure=False, ament_cmake_args=None, catkin_cmake_args=None, catkin_skip_building_tests=False, verb_parser=<colcon_defaults.argument_parser.defaults.DefaultArgumentsDecorator object at 0x7f139dddd9f0>, verb_extension=<colcon_core.verb.build.BuildVerb object at 0x7f139e5e3be0>, main=<bound method BuildVerb.main of <colcon_core.verb.build.BuildVerb object at 0x7f139e5e3be0>>)
[37.065s] Level 1:colcon.colcon_core.package_discovery:discover_packages(colcon_meta) check parameters
[37.065s] Level 1:colcon.colcon_core.package_discovery:discover_packages(recursive) check parameters
[37.065s] Level 1:colcon.colcon_core.package_discovery:discover_packages(ignore) check parameters
[37.065s] Level 1:colcon.colcon_core.package_discovery:discover_packages(path) check parameters
[37.065s] Level 1:colcon.colcon_core.package_discovery:discover_packages(colcon_meta) discover
[37.065s] Level 1:colcon.colcon_core.package_discovery:discover_packages(recursive) discover
[37.066s] INFO:colcon.colcon_core.package_discovery:Crawling recursively for packages in '/home/olivia/dev_ws'
[37.066s] Level 1:colcon.colcon_core.package_identification:_identify(.) by extensions ['ignore', 'ignore_ament_install']
[37.066s] Level 1:colcon.colcon_core.package_identification:_identify(.) by extension 'ignore'
[37.066s] Level 1:colcon.colcon_core.package_identification:_identify(.) by extension 'ignore_ament_install'
[37.066s] Level 1:colcon.colcon_core.package_identification:_identify(.) by extensions ['colcon_pkg']
[37.066s] Level 1:colcon.colcon_core.package_identification:_identify(.) by extension 'colcon_pkg'
[37.066s] Level 1:colcon.colcon_core.package_identification:_identify(.) by extensions ['colcon_meta']
[37.066s] Level 1:colcon.colcon_core.package_identification:_identify(.) by extension 'colcon_meta'
[37.066s] Level 1:colcon.colcon_core.package_identification:_identify(.) by extensions ['ros']
[37.066s] Level 1:colcon.colcon_core.package_identification:_identify(.) by extension 'ros'
[37.865s] Level 1:colcon.colcon_core.package_identification:_identify(.) by extensions ['cmake', 'python']
[37.865s] Level 1:colcon.colcon_core.package_identification:_identify(.) by extension 'cmake'
[37.866s] Level 1:colcon.colcon_core.package_identification:_identify(.) by extension 'python'
[37.866s] Level 1:colcon.colcon_core.package_identification:_identify(.) by extensions ['python_setup_py']
[37.866s] Level 1:colcon.colcon_core.package_identification:_identify(.) by extension 'python_setup_py'
[37.866s] Level 1:colcon.colcon_core.package_identification:_identify(build) by extensions ['ignore', 'ignore_ament_install']
[37.866s] Level 1:colcon.colcon_core.package_identification:_identify(build) by extension 'ignore'
[37.866s] Level 1:colcon.colcon_core.package_identification:_identify(build) ignored
[37.866s] Level 1:colcon.colcon_core.package_identification:_identify(install) by extensions ['ignore', 'ignore_ament_install']
[37.866s] Level 1:colcon.colcon_core.package_identification:_identify(install) by extension 'ignore'
[37.866s] Level 1:colcon.colcon_core.package_identification:_identify(install) ignored
[37.866s] Level 1:colcon.colcon_core.package_identification:_identify(log) by extensions ['ignore', 'ignore_ament_install']
[37.866s] Level 1:colcon.colcon_core.package_identification:_identify(log) by extension 'ignore'
[37.867s] Level 1:colcon.colcon_core.package_identification:_identify(log) ignored
[37.867s] Level 1:colcon.colcon_core.package_identification:_identify(src) by extensions ['ignore', 'ignore_ament_install']
[37.867s] Level 1:colcon.colcon_core.package_identification:_identify(src) by extension 'ignore'
[37.867s] Level 1:colcon.colcon_core.package_identification:_identify(src) by extension 'ignore_ament_install'
[37.867s] Level 1:colcon.colcon_core.package_identification:_identify(src) by extensions ['colcon_pkg']
[37.867s] Level 1:colcon.colcon_core.package_identification:_identify(src) by extension 'colcon_pkg'
[37.867s] Level 1:colcon.colcon_core.package_identification:_identify(src) by extensions ['colcon_meta']
[37.867s] Level 1:colcon.colcon_core.package_identification:_identify(src) by extension 'colcon_meta'
[37.867s] Level 1:colcon.colcon_core.package_identification:_identify(src) by extensions ['ros']
[37.867s] Level 1:colcon.colcon_core.package_identification:_identify(src) by extension 'ros'
[37.867s] Level 1:colcon.colcon_core.package_identification:_identify(src) by extensions ['cmake', 'python']
[37.867s] Level 1:colcon.colcon_core.package_identification:_identify(src) by extension 'cmake'
[37.867s] Level 1:colcon.colcon_core.package_identification:_identify(src) by extension 'python'
[37.867s] Level 1:colcon.colcon_core.package_identification:_identify(src) by extensions ['python_setup_py']
[37.867s] Level 1:colcon.colcon_core.package_identification:_identify(src) by extension 'python_setup_py'
[38.024s] Level 1:colcon.colcon_core.package_identification:_identify(src/ros_tutorials) by extensions ['ignore', 'ignore_ament_install']
[38.055s] Level 1:colcon.colcon_core.package_identification:_identify(src/ros_tutorials) by extension 'ignore'
[38.055s] Level 1:colcon.colcon_core.package_identification:_identify(src/ros_tutorials) by extension 'ignore_ament_install'
[38.055s] Level 1:colcon.colcon_core.package_identification:_identify(src/ros_tutorials) by extensions ['colcon_pkg']
[38.055s] Level 1:colcon.colcon_core.package_identification:_identify(src/ros_tutorials) by extension 'colcon_pkg'
[38.055s] Level 1:colcon.colcon_core.package_identification:_identify(src/ros_tutorials) by extensions ['colcon_meta']
[38.055s] Level 1:colcon.colcon_core.package_identification:_identify(src/ros_tutorials) by extension 'colcon_meta'
[38.055s] Level 1:colcon.colcon_core.package_identification:_identify(src/ros_tutorials) by extensions ['ros']
[38.055s] Level 1:colcon.colcon_core.package_identification:_identify(src/ros_tutorials) by extension 'ros'
[38.056s] Level 1:colcon.colcon_core.package_identification:_identify(src/ros_tutorials) by extensions ['cmake', 'python']
[38.056s] Level 1:colcon.colcon_core.package_identification:_identify(src/ros_tutorials) by extension 'cmake'
[38.056s] Level 1:colcon.colcon_core.package_identification:_identify(src/ros_tutorials) by extension 'python'
[38.056s] Level 1:colcon.colcon_core.package_identification:_identify(src/ros_tutorials) by extensions ['python_setup_py']
[38.056s] Level 1:colcon.colcon_core.package_identification:_identify(src/ros_tutorials) by extension 'python_setup_py'
[38.081s] Level 1:colcon.colcon_core.package_identification:_identify(src/ros_tutorials/ros_tutorials) by extensions ['ignore', 'ignore_ament_install']
[38.082s] Level 1:colcon.colcon_core.package_identification:_identify(src/ros_tutorials/ros_tutorials) by extension 'ignore'
[38.082s] Level 1:colcon.colcon_core.package_identification:_identify(src/ros_tutorials/ros_tutorials) ignored
[38.368s] Level 1:colcon.colcon_core.package_identification:_identify(src/ros_tutorials/roscpp_tutorials) by extensions ['ignore', 'ignore_ament_install']
[38.369s] Level 1:colcon.colcon_core.package_identification:_identify(src/ros_tutorials/roscpp_tutorials) by extension 'ignore'
[38.463s] Level 1:colcon.colcon_core.package_identification:_identify(src/ros_tutorials/roscpp_tutorials) ignored
[38.527s] Level 1:colcon.colcon_core.package_identification:_identify(src/ros_tutorials/rospy_tutorials) by extensions ['ignore', 'ignore_ament_install']
[38.527s] Level 1:colcon.colcon_core.package_identification:_identify(src/ros_tutorials/rospy_tutorials) by extension 'ignore'
[38.527s] Level 1:colcon.colcon_core.package_identification:_identify(src/ros_tutorials/rospy_tutorials) ignored
[38.538s] Level 1:colcon.colcon_core.package_identification:_identify(src/ros_tutorials/turtlesim) by extensions ['ignore', 'ignore_ament_install']
[38.538s] Level 1:colcon.colcon_core.package_identification:_identify(src/ros_tutorials/turtlesim) by extension 'ignore'
[38.538s] Level 1:colcon.colcon_core.package_identification:_identify(src/ros_tutorials/turtlesim) by extension 'ignore_ament_install'
[38.539s] Level 1:colcon.colcon_core.package_identification:_identify(src/ros_tutorials/turtlesim) by extensions ['colcon_pkg']
[38.539s] Level 1:colcon.colcon_core.package_identification:_identify(src/ros_tutorials/turtlesim) by extension 'colcon_pkg'
[38.539s] Level 1:colcon.colcon_core.package_identification:_identify(src/ros_tutorials/turtlesim) by extensions ['colcon_meta']
[38.539s] Level 1:colcon.colcon_core.package_identification:_identify(src/ros_tutorials/turtlesim) by extension 'colcon_meta'
[38.540s] Level 1:colcon.colcon_core.package_identification:_identify(src/ros_tutorials/turtlesim) by extensions ['ros']
[38.540s] Level 1:colcon.colcon_core.package_identification:_identify(src/ros_tutorials/turtlesim) by extension 'ros'
[38.778s] DEBUG:colcon.colcon_core.package_identification:Package 'src/ros_tutorials/turtlesim' with type 'ros.ament_cmake' and name 'turtlesim'
[38.809s] Level 1:colcon.colcon_core.package_identification:_identify(src/warehouse_robot_spawner_pkg) by extensions ['ignore', 'ignore_ament_install']
[38.810s] Level 1:colcon.colcon_core.package_identification:_identify(src/warehouse_robot_spawner_pkg) by extension 'ignore'
[38.810s] Level 1:colcon.colcon_core.package_identification:_identify(src/warehouse_robot_spawner_pkg) by extension 'ignore_ament_install'
[38.810s] Level 1:colcon.colcon_core.package_identification:_identify(src/warehouse_robot_spawner_pkg) by extensions ['colcon_pkg']
[38.810s] Level 1:colcon.colcon_core.package_identification:_identify(src/warehouse_robot_spawner_pkg) by extension 'colcon_pkg'
[38.810s] Level 1:colcon.colcon_core.package_identification:_identify(src/warehouse_robot_spawner_pkg) by extensions ['colcon_meta']
[38.810s] Level 1:colcon.colcon_core.package_identification:_identify(src/warehouse_robot_spawner_pkg) by extension 'colcon_meta'
[38.810s] Level 1:colcon.colcon_core.package_identification:_identify(src/warehouse_robot_spawner_pkg) by extensions ['ros']
[38.810s] Level 1:colcon.colcon_core.package_identification:_identify(src/warehouse_robot_spawner_pkg) by extension 'ros'
[38.886s] DEBUG:colcon.colcon_core.package_identification:Package 'src/warehouse_robot_spawner_pkg' with type 'ros.ament_python' and name 'warehouse_robot_spawner_pkg'
[38.886s] Level 1:colcon.colcon_core.package_discovery:discover_packages(recursive) using defaults
[38.886s] Level 1:colcon.colcon_core.package_discovery:discover_packages(ignore) discover
[38.886s] Level 1:colcon.colcon_core.package_discovery:discover_packages(ignore) using defaults
[38.886s] Level 1:colcon.colcon_core.package_discovery:discover_packages(path) discover
[38.886s] Level 1:colcon.colcon_core.package_discovery:discover_packages(path) using defaults
[41.280s] INFO:colcon.colcon_core.package_selection:Skipping not selected package 'turtlesim' in 'src/ros_tutorials/turtlesim'
[41.323s] Level 1:colcon.colcon_core.package_discovery:discover_packages(prefix_path) check parameters
[41.323s] Level 1:colcon.colcon_core.package_discovery:discover_packages(prefix_path) discover
[41.654s] DEBUG:colcon.colcon_installed_package_information.package_discovery:Found 327 installed packages in /opt/ros/humble
[41.656s] Level 1:colcon.colcon_core.package_discovery:discover_packages(prefix_path) using defaults
[56.686s] Level 5:colcon.colcon_core.verb:set package 'warehouse_robot_spawner_pkg' build argument 'cmake_args' from command line to 'None'
[56.686s] Level 5:colcon.colcon_core.verb:set package 'warehouse_robot_spawner_pkg' build argument 'cmake_target' from command line to 'None'
[56.686s] Level 5:colcon.colcon_core.verb:set package 'warehouse_robot_spawner_pkg' build argument 'cmake_target_skip_unavailable' from command line to 'False'
[56.687s] Level 5:colcon.colcon_core.verb:set package 'warehouse_robot_spawner_pkg' build argument 'cmake_clean_cache' from command line to 'False'
[56.687s] Level 5:colcon.colcon_core.verb:set package 'warehouse_robot_spawner_pkg' build argument 'cmake_clean_first' from command line to 'False'
[56.687s] Level 5:colcon.colcon_core.verb:set package 'warehouse_robot_spawner_pkg' build argument 'cmake_force_configure' from command line to 'False'
[56.687s] Level 5:colcon.colcon_core.verb:set package 'warehouse_robot_spawner_pkg' build argument 'ament_cmake_args' from command line to 'None'
[56.687s] Level 5:colcon.colcon_core.verb:set package 'warehouse_robot_spawner_pkg' build argument 'catkin_cmake_args' from command line to 'None'
[56.687s] Level 5:colcon.colcon_core.verb:set package 'warehouse_robot_spawner_pkg' build argument 'catkin_skip_building_tests' from command line to 'False'
[56.687s] DEBUG:colcon.colcon_core.verb:Building package 'warehouse_robot_spawner_pkg' with the following arguments: {'ament_cmake_args': None, 'build_base': '/home/olivia/dev_ws/build/warehouse_robot_spawner_pkg', 'catkin_cmake_args': None, 'catkin_skip_building_tests': False, 'cmake_args': None, 'cmake_clean_cache': False, 'cmake_clean_first': False, 'cmake_force_configure': False, 'cmake_target': None, 'cmake_target_skip_unavailable': False, 'install_base': '/home/olivia/dev_ws/install/warehouse_robot_spawner_pkg', 'merge_install': False, 'path': '/home/olivia/dev_ws/src/warehouse_robot_spawner_pkg', 'symlink_install': False, 'test_result_base': None}
[56.688s] INFO:colcon.colcon_core.executor:Executing jobs using 'parallel' executor
[56.692s] DEBUG:colcon.colcon_parallel_executor.executor.parallel:run_until_complete
[56.692s] INFO:colcon.colcon_ros.task.ament_python.build:Building ROS package in '/home/olivia/dev_ws/src/warehouse_robot_spawner_pkg' with build type 'ament_python'
[56.692s] Level 1:colcon.colcon_core.shell:create_environment_hook('warehouse_robot_spawner_pkg', 'ament_prefix_path')
[57.130s] INFO:colcon.colcon_core.plugin_system:Skipping extension 'colcon_core.shell.bat': Not used on non-Windows systems
[57.130s] INFO:colcon.colcon_core.shell:Creating environment hook '/home/olivia/dev_ws/install/warehouse_robot_spawner_pkg/share/warehouse_robot_spawner_pkg/hook/ament_prefix_path.ps1'
[57.238s] INFO:colcon.colcon_core.shell:Creating environment descriptor '/home/olivia/dev_ws/install/warehouse_robot_spawner_pkg/share/warehouse_robot_spawner_pkg/hook/ament_prefix_path.dsv'
[57.272s] INFO:colcon.colcon_core.shell:Creating environment hook '/home/olivia/dev_ws/install/warehouse_robot_spawner_pkg/share/warehouse_robot_spawner_pkg/hook/ament_prefix_path.sh'
[57.449s] INFO:colcon.colcon_core.shell:Skip shell extension 'powershell' for command environment: Not usable outside of PowerShell
[57.449s] DEBUG:colcon.colcon_core.shell:Skip shell extension 'dsv' for command environment
[58.476s] INFO:colcon.colcon_core.task.python.build:Building Python package in '/home/olivia/dev_ws/src/warehouse_robot_spawner_pkg'
[58.478s] INFO:colcon.colcon_core.shell:Skip shell extension 'powershell' for command environment: Not usable outside of PowerShell
[58.478s] DEBUG:colcon.colcon_core.shell:Skip shell extension 'dsv' for command environment
[63.819s] DEBUG:colcon.colcon_core.event_handler.log_command:Invoking command in '/home/olivia/dev_ws/src/warehouse_robot_spawner_pkg': PYTHONPATH=/home/olivia/dev_ws/build/warehouse_robot_spawner_pkg/prefix_override:/home/olivia/dev_ws/install/warehouse_robot_spawner_pkg/lib/python3.10/site-packages:${PYTHONPATH} /usr/bin/python3 setup.py egg_info --egg-base ../../build/warehouse_robot_spawner_pkg build --build-base /home/olivia/dev_ws/build/warehouse_robot_spawner_pkg/build install --record /home/olivia/dev_ws/build/warehouse_robot_spawner_pkg/install.log --single-version-externally-managed
[64.828s] DEBUG:colcon.colcon_core.event_handler.log_command:Invoked command in '/home/olivia/dev_ws/src/warehouse_robot_spawner_pkg' returned '0': PYTHONPATH=/home/olivia/dev_ws/build/warehouse_robot_spawner_pkg/prefix_override:/home/olivia/dev_ws/install/warehouse_robot_spawner_pkg/lib/python3.10/site-packages:${PYTHONPATH} /usr/bin/python3 setup.py egg_info --egg-base ../../build/warehouse_robot_spawner_pkg build --build-base /home/olivia/dev_ws/build/warehouse_robot_spawner_pkg/build install --record /home/olivia/dev_ws/build/warehouse_robot_spawner_pkg/install.log --single-version-externally-managed
[65.779s] Level 1:colcon.colcon_core.environment:checking '/home/olivia/dev_ws/install/warehouse_robot_spawner_pkg' for CMake module files
[65.780s] Level 1:colcon.colcon_core.environment:checking '/home/olivia/dev_ws/install/warehouse_robot_spawner_pkg' for CMake config files
[65.781s] Level 1:colcon.colcon_core.environment:checking '/home/olivia/dev_ws/install/warehouse_robot_spawner_pkg/lib'
[65.781s] Level 1:colcon.colcon_core.environment:checking '/home/olivia/dev_ws/install/warehouse_robot_spawner_pkg/bin'
[65.781s] Level 1:colcon.colcon_core.environment:checking '/home/olivia/dev_ws/install/warehouse_robot_spawner_pkg/lib/pkgconfig/warehouse_robot_spawner_pkg.pc'
[65.781s] Level 1:colcon.colcon_core.environment:checking '/home/olivia/dev_ws/install/warehouse_robot_spawner_pkg/lib/python3.10/site-packages'
[65.781s] Level 1:colcon.colcon_core.shell:create_environment_hook('warehouse_robot_spawner_pkg', 'pythonpath')
[65.783s] INFO:colcon.colcon_core.shell:Creating environment hook '/home/olivia/dev_ws/install/warehouse_robot_spawner_pkg/share/warehouse_robot_spawner_pkg/hook/pythonpath.ps1'
[65.783s] INFO:colcon.colcon_core.shell:Creating environment descriptor '/home/olivia/dev_ws/install/warehouse_robot_spawner_pkg/share/warehouse_robot_spawner_pkg/hook/pythonpath.dsv'
[65.784s] INFO:colcon.colcon_core.shell:Creating environment hook '/home/olivia/dev_ws/install/warehouse_robot_spawner_pkg/share/warehouse_robot_spawner_pkg/hook/pythonpath.sh'
[65.784s] Level 1:colcon.colcon_core.environment:checking '/home/olivia/dev_ws/install/warehouse_robot_spawner_pkg/bin'
[65.784s] Level 1:colcon.colcon_core.environment:create_environment_scripts_only(warehouse_robot_spawner_pkg)
[65.786s] INFO:colcon.colcon_core.shell:Creating package script '/home/olivia/dev_ws/install/warehouse_robot_spawner_pkg/share/warehouse_robot_spawner_pkg/package.ps1'
[65.802s] INFO:colcon.colcon_core.shell:Creating package descriptor '/home/olivia/dev_ws/install/warehouse_robot_spawner_pkg/share/warehouse_robot_spawner_pkg/package.dsv'
[65.918s] INFO:colcon.colcon_core.shell:Creating package script '/home/olivia/dev_ws/install/warehouse_robot_spawner_pkg/share/warehouse_robot_spawner_pkg/package.sh'
[65.927s] INFO:colcon.colcon_core.shell:Creating package script '/home/olivia/dev_ws/install/warehouse_robot_spawner_pkg/share/warehouse_robot_spawner_pkg/package.bash'
[65.969s] INFO:colcon.colcon_core.shell:Creating package script '/home/olivia/dev_ws/install/warehouse_robot_spawner_pkg/share/warehouse_robot_spawner_pkg/package.zsh'
[65.988s] Level 1:colcon.colcon_core.environment:create_file_with_runtime_dependencies(/home/olivia/dev_ws/install/warehouse_robot_spawner_pkg/share/colcon-core/packages/warehouse_robot_spawner_pkg)
[65.989s] DEBUG:colcon.colcon_parallel_executor.executor.parallel:closing loop
[65.990s] DEBUG:colcon.colcon_parallel_executor.executor.parallel:loop closed
[65.990s] DEBUG:colcon.colcon_parallel_executor.executor.parallel:run_until_complete finished with '0'
[65.990s] DEBUG:colcon.colcon_core.event_reactor:joining thread
[66.450s] INFO:colcon.colcon_core.plugin_system:Skipping extension 'colcon_notification.desktop_notification.terminal_notifier': Not used on non-Darwin systems
[66.450s] INFO:colcon.colcon_core.plugin_system:Skipping extension 'colcon_notification.desktop_notification.win32': Not used on non-Windows systems
[66.450s] INFO:colcon.colcon_notification.desktop_notification:Sending desktop notification using 'notify2'
[66.724s] DEBUG:colcon.colcon_core.event_reactor:joined thread
[66.726s] INFO:colcon.colcon_core.shell:Creating prefix script '/home/olivia/dev_ws/install/local_setup.ps1'
[66.758s] INFO:colcon.colcon_core.shell:Creating prefix util module '/home/olivia/dev_ws/install/_local_setup_util_ps1.py'
[66.809s] INFO:colcon.colcon_core.shell:Creating prefix chain script '/home/olivia/dev_ws/install/setup.ps1'
[66.810s] INFO:colcon.colcon_core.shell:Creating prefix script '/home/olivia/dev_ws/install/local_setup.sh'
[66.814s] INFO:colcon.colcon_core.shell:Creating prefix util module '/home/olivia/dev_ws/install/_local_setup_util_sh.py'
[66.815s] INFO:colcon.colcon_core.shell:Creating prefix chain script '/home/olivia/dev_ws/install/setup.sh'
[66.819s] INFO:colcon.colcon_core.shell:Creating prefix script '/home/olivia/dev_ws/install/local_setup.bash'
[66.924s] INFO:colcon.colcon_core.shell:Creating prefix chain script '/home/olivia/dev_ws/install/setup.bash'
[66.926s] INFO:colcon.colcon_core.shell:Creating prefix script '/home/olivia/dev_ws/install/local_setup.zsh'
[66.945s] INFO:colcon.colcon_core.shell:Creating prefix chain script '/home/olivia/dev_ws/install/setup.zsh'
